http://tsrtcfeedback.appspot.com/preAuth/sms/complaint?query=12 TSEX09 2727&from=9701019800
http://tsrtcfeedback.appspot.com/preAuth/sms/complaint?query=F31 TS 09 EX 2020&from=7799995025
http://tsrtcfeedback.appspot.com/preAuth/sms/complaint?query=F31 TS 09 EX 2020&from=7799995025
http://tsrtcfeedback.appspot.com/preAuth/sms/complaint?query=F31 TS 09 EX 2020&from=7799995025
http://tsrtcfeedback.appspot.com/preAuth/sms/complaint?query=F31 TS 09 EX 2020&from=7799995025
http://tsrtcfeedback.appspot.com/preAuth/sms/complaint?query=F31 TS 09 EX 2020&from=7799995025
http://tsrtcfeedback.appspot.com/preAuth/sms/complaint?query=F31 TS 09 EX 2020&from=7799995025
http://tsrtcfeedback.appspot.com/preAuth/sms/complaint?query=Test&from=919995881535
http://tsrtcfeedback.appspot.com/preAuth/sms/complaint?query=Hi&from=919848103017
http://tsrtcfeedback.appspot.com/preAuth/sms/complaint?query=1 07Z4008 Hitechcity&from=917799995025
http://tsrtcfeedback.appspot.com/preAuth/sms/complaint?query=12 TS 09 XA 5454&from=9701019800
http://182.18.165.185/idea/check.php?query=12 TS 09 XA 5454&from=9701019800
http://tsrtcfeedback.appspot.com/preAuth/sms/complaint?query=12 TS 09 XA 5454&from=9701019800
http://tsrtcfeedback.appspot.com/preAuth/sms/complaint?query=12 TS 09 XA 5454&from=9701019800
http://tsrtcfeedback.appspot.com/preAuth/sms/complaint?query=12 TS 09 XA 5454&from=9701019800
http://tsrtcfeedback.appspot.com/preAuth/sms/complaint?query=1 07Z4008 Hitechcity&from=917799995025
http://tsrtcfeedback.appspot.com/preAuth/sms/complaint?query=12 TS 09 XA 5454&from=9701019811
http://tsrtcfeedback.appspot.com/preAuth/sms/complaint?query=12 TS 09 XA 5454&from=9701019811
http://tsrtcfeedback.appspot.com/preAuth/sms/complaint?query=12 TS 09 XA 5454&from=9701019811
http://tsrtcfeedback.appspot.com/preAuth/sms/complaint?query=12 TS 09 XA 5454&from=9701019811
http://tsrtcfeedback.appspot.com/preAuth/sms/complaint?query=12 TS 09 XA 5454&from=9701019811
http://tsrtcfeedback.appspot.com/preAuth/sms/complaint?query=12 TS 09 XA 5454&from=9701019811
http://tsrtcfeedback.appspot.com/preAuth/sms/complaint?query=12 TS 09 XA 5454&from=9701019811
http://tsrtcfeedback.appspot.com/preAuth/sms/complaint?query=12 TS 09 XA 5454&from=9701019811
http://182.18.165.185/idea/check.php?query=12+TS+09+XA+5454&from=9701019811
http://tsrtcfeedback.appspot.com/preAuth/sms/complaint?query=12+TS+09+XA+5454&from=9701019811
http://tsrtcfeedback.appspot.com/preAuth/sms/complaint?query=12+TS+09+XA+5454&from=9701019800
http://tsrtcfeedback.appspot.com/preAuth/sms/complaint?query=F16+TS08+XA2727&from=918886638814
http://tsrtcfeedback.appspot.com/preAuth/sms/complaint?query=1+07Z4008+Hitechcity&from=919963528333
http://tsrtcfeedback.appspot.com/preAuth/sms/complaint?query=2+07Z4008+HYD&from=918886638814
http://tsrtcfeedback.appspot.com/preAuth/sms/complaint?query=1+07Z4008+Hitechcity5&from=917799995025
http://tsrtcfeedback.appspot.com/preAuth/sms/complaint?query=1+07Z4008+Hitechcity&from=919581479111
http://tsrtcfeedback.appspot.com/preAuth/sms/complaint?query=%3F&from=917799995025
http://tsrtcfeedback.appspot.com/preAuth/sms/complaint?query=2+10Z6494+Falaknuma&from=918297087872
http://tsrtcfeedback.appspot.com/preAuth/sms/complaint?query=1+07Z4008+Hitechcity5&from=917799995025
http://tsrtcfeedback.appspot.com/preAuth/sms/complaint?query=3+07z4008+Madhapur&from=918297087872
http://tsrtcfeedback.appspot.com/preAuth/sms/complaint?query=1+07Z4008+Hitechcity66&from=917799995025
http://tsrtcfeedback.appspot.com/preAuth/sms/complaint?query=1+07Z4008+Hitechcity77&from=917799995025
http://tsrtcfeedback.appspot.com/preAuth/sms/complaint?query=1+07Z4008+Hitechcity88&from=917799995025
http://tsrtcfeedback.appspot.com/preAuth/sms/complaint?query=1+07Z4008+Hitechcity99&from=917799995025
http://tsrtcfeedback.appspot.com/preAuth/sms/complaint?query=%3F&from=917799995025
http://tsrtcfeedback.appspot.com/preAuth/sms/complaint?query=3+07z4008+Gachibowli&from=918297087872
http://tsrtcfeedback.appspot.com/preAuth/sms/complaint?query=%3F&from=918978245656
http://tsrtcfeedback.appspot.com/preAuth/sms/complaint?query=2+07z4008+Tolichowki&from=918978245656
http://tsrtcfeedback.appspot.com/preAuth/sms/complaint?query=1+07Z4008+TOLI+HYD&from=918978245656
http://tsrtcfeedback.appspot.com/preAuth/sms/complaint?query=2+11z0846+FALAKNUMA&from=919959224429
http://tsrtcfeedback.appspot.com/preAuth/sms/complaint?query=2+07z4008+Rtc+X+roads&from=918297087872
http://tsrtcfeedback.appspot.com/preAuth/sms/complaint?query=2+07z4008+Madhapur&from=918297087872
http://tsrtcfeedback.appspot.com/preAuth/sms/complaint?query=2+07Z4008+TOLI+HYDERABAD&from=918978245656
http://tsrtcfeedback.appspot.com/preAuth/sms/complaint?query=%3F&from=919959225229
http://tsrtcfeedback.appspot.com/preAuth/sms/complaint?query=2+16Z0024+Tolichowki&from=918978245656
http://tsrtcfeedback.appspot.com/preAuth/sms/complaint?query=3+16Z0024+Tolichowki&from=918978245656
http://tsrtcfeedback.appspot.com/preAuth/sms/complaint?query=2+16Z0024+Tolichowki&from=918978245656
http://tsrtcfeedback.appspot.com/preAuth/sms/complaint?query=1+16Z0024+Tolichowki&from=918978245656
http://tsrtcfeedback.appspot.com/preAuth/sms/complaint?query=3+16Z0024+tolichowki&from=918886638814
http://tsrtcfeedback.appspot.com/preAuth/sms/complaint?query=Hi&from=919848002578
http://tsrtcfeedback.appspot.com/preAuth/sms/complaint?query=Hi+test&from=918886638811
http://tsrtcfeedback.appspot.com/preAuth/sms/complaint?query=3+16Z0024+tolichowki&from=918886638814
http://tsrtcfeedback.appspot.com/preAuth/sms/complaint?query=3+16Z0024+tolichowki&from=918886638814
http://tsrtcfeedback.appspot.com/preAuth/sms/complaint?query=3+16Z0024+tolichowki&from=918886638814
http://tsrtcfeedback.appspot.com/preAuth/sms/complaint?query=2+AP28Z3883+Gachibowli&from=918978245656
http://tsrtcfeedback.appspot.com/preAuth/sms/complaint?query=%3F&from=919959225229
http://tsrtcfeedback.appspot.com/preAuth/sms/complaint?query=Test&from=919959225229
http://tsrtcfeedback.appspot.com/preAuth/sms/complaint?query=%3F&from=919959225229
http://tsrtcfeedback.appspot.com/preAuth/sms/complaint?query=2+TS07Z4008+Gachi+Hyd&from=918978245656
http://tsrtcfeedback.appspot.com/preAuth/sms/complaint?query=2+07Z4008+Gachi+Hyd&from=918978245656
http://tsrtcfeedback.appspot.com/preAuth/sms/complaint?query=%3F&from=918978245656
http://tsrtcfeedback.appspot.com/preAuth/sms/complaint?query=%3F&from=918978245656
http://tsrtcfeedback.appspot.com/preAuth/sms/complaint?query=%3F&from=918978245656
http://tsrtcfeedback.appspot.com/preAuth/sms/complaint?query=2+AP28Z3883+Gachibowli&from=918978245656
http://tsrtcfeedback.appspot.com/preAuth/sms/complaint?query=2+07Z4008+Gachi+Hyd&from=918978245656
http://tsrtcfeedback.appspot.com/preAuth/sms/complaint?query=%3F&from=970101xxxx
http://tsrtcfeedback.appspot.com/preAuth/sms/complaint?query=%3F&from=970101xxxx
http://tsrtcfeedback.appspot.com/preAuth/sms/complaint?query=%3F&from=918978245656
http://tsrtcfeedback.appspot.com/preAuth/sms/complaint?query=2+AP28Z3883+Gachibowli&from=919701019800
http://tsrtcfeedback.appspot.com/preAuth/sms/complaint?query=2+AP28Z3883+Gachibowli&from=918639151768
http://tsrtcfeedback.appspot.com/preAuth/sms/complaint?query=5+AP28Z3883+Gachibowli&from=919701019800
http://tsrtcfeedback.appspot.com/preAuth/sms/complaint?query=5+AP28Z3883+Gachibowli&from=919701019800
http://tsrtcfeedback.appspot.com/preAuth/sms/complaint?query=1+AP28Z3883+Gachibowli&from=919701019800
http://tsrtcfeedback.appspot.com/preAuth/sms/complaint?query=2+AP28Z4335+madhapur&from=918886638814
http://tsrtcfeedback.appspot.com/preAuth/sms/complaint?query=1+07z4008+toli&from=919701019800
http://tsrtcfeedback.appspot.com/preAuth/sms/complaint?query=%3F&from=919959225229
http://tsrtcfeedback.appspot.com/preAuth/sms/complaint?query=2+28Z3883+Gachibowli&from=918978245656
http://tsrtcfeedback.appspot.com/preAuth/sms/complaint?query=1+07Z4008+Gachibowli&from=918978245656
