http://tsrtcfeedback.appspot.com/preAuth/sms/complaint?query=%3F&from=917799995025
http://tsrtcfeedback.appspot.com/preAuth/sms/complaint?query=2+APZ3883+Gachibowli&from=917799995025
http://tsrtcfeedback.appspot.com/preAuth/sms/complaint?query=2+AP28Z3883+Gachibowli&from=917799995025
http://tsrtcfeedback.appspot.com/preAuth/sms/complaint?query=%3F&from=917799995025
http://tsrtcfeedback.appspot.com/preAuth/sms/complaint?query=2+AP28Z3883+Gachibowli&from=918978245656
http://tsrtcfeedback.appspot.com/preAuth/sms/complaint?query=%3F&from=918978245656
http://tsrtcfeedback.appspot.com/preAuth/sms/complaint?query=2+07Z4008+Gachi+Hyd&from=918978245656
http://tsrtcfeedback.appspot.com/preAuth/sms/complaint?query=3+TS16Z0024&from=918978245656
http://tsrtcfeedback.appspot.com/preAuth/sms/complaint?query=1+TS16Z0024+THUB+HYD&from=918978245656
http://tsrtcfeedback.appspot.com/preAuth/sms/complaint?query=%3F&from=919959225229
http://tsrtcfeedback.appspot.com/preAuth/sms/complaint?query=%3F&from=918978245656
http://tsrtcfeedback.appspot.com/preAuth/sms/complaint?query=1+TS16Z0024+THUB+HYD&from=918978245656
http://tsrtcfeedback.appspot.com/preAuth/sms/complaint?query=2+TS16Z24+THUB+HYD&from=918978245656
http://tsrtcfeedback.appspot.com/preAuth/sms/complaint?query=2+TS16Z0024+THUB+HYD&from=918978245656
http://tsrtcfeedback.appspot.com/preAuth/sms/complaint?query=%3F&from=919959225229
http://tsrtcfeedback.appspot.com/preAuth/sms/complaint?query=%3F&from=918978245656
http://tsrtcfeedback.appspot.com/preAuth/sms/complaint?query=2+TS16Z0024+THUB+HYD&from=918978245656
http://tsrtcfeedback.appspot.com/preAuth/sms/complaint?query=1+TS16Z0024+THUB+HYD&from=918978245656
http://tsrtcfeedback.appspot.com/preAuth/sms/complaint?query=%3F&from=919959225229
http://tsrtcfeedback.appspot.com/preAuth/sms/complaint?query=%3F&from=917286064444
http://tsrtcfeedback.appspot.com/preAuth/sms/complaint?query=%3F&from=918978245656
http://tsrtcfeedback.appspot.com/preAuth/sms/complaint?query=1+TS16Z0024+THUB+HYD&from=918978245656
http://tsrtcfeedback.appspot.com/preAuth/sms/complaint?query=%3F&from=918978245656
http://tsrtcfeedback.appspot.com/preAuth/sms/complaint?query=%3F&from=918978245656
http://tsrtcfeedback.appspot.com/preAuth/sms/complaint?query=%3F&from=919959225229
http://tsrtcfeedback.appspot.com/preAuth/sms/complaint?query=%3F&from=918639151768
http://tsrtcfeedback.appspot.com/preAuth/sms/complaint?query=%3F&from=918978245656
http://tsrtcfeedback.appspot.com/preAuth/sms/complaint?query=2+TS16Z0024+THUB+HYD&from=918978245656
http://tsrtcfeedback.appspot.com/preAuth/sms/complaint?query=%3F&from=918978245656
http://tsrtcfeedback.appspot.com/preAuth/sms/complaint?query=%3F&from=918978245656
http://tsrtcfeedback.appspot.com/preAuth/sms/complaint?query=%3F&from=919959225229
http://tsrtcfeedback.appspot.com/preAuth/sms/complaint?query=2+TS16Z0024+THUB+HYD&from=918978245656
http://tsrtcfeedback.appspot.com/preAuth/sms/complaint?query=%3F&from=918978245656
http://tsrtcfeedback.appspot.com/preAuth/sms/complaint?query=%3F&from=918978245656
http://tsrtcfeedback.appspot.com/preAuth/sms/complaint?query=2+TS16Z0024+THUB+HYD&from=918978245656
http://tsrtcfeedback.appspot.com/preAuth/sms/complaint?query=2+TS16Z0024+THUB+21%2F02%2F2017+10%3A00+HYD&from=918978245656
http://tsrtcfeedback.appspot.com/preAuth/sms/complaint?query=2+TS16Z0024+THUB+21stfeb2017++HYD&from=918978245656
http://tsrtcfeedback.appspot.com/preAuth/sms/complaint?query=2+TS16Z0024+THUB%2C21%2F02%2F2017+10%3A00+HYD&from=918978245656
http://tsrtcfeedback.appspot.com/preAuth/sms/complaint?query=2+TS16Z0024+THUB+21%2F02%2F2017%2C10%3A00&from=918978245656
http://tsrtcfeedback.appspot.com/preAuth/sms/complaint?query=2+TS16Z0024+ABCDEFGHIJKL%2C21%2F02%2F2017%2C10%3A00&from=918978245656
http://tsrtcfeedback.appspot.com/preAuth/sms/complaint?query=2+TS16Z0024+ABCDEFGHIJKL%2C21%2F02%2F2017%2C10%3A00+HYDERABAD&from=918978245656
http://tsrtcfeedback.appspot.com/preAuth/sms/complaint?query=2+TS29Z0920+HAKIMPET%2C20%2F03%2F2017%2C12%3A18+ADDITIONAL&from=918885725422
http://tsrtcfeedback.appspot.com/preAuth/sms/complaint?query=2+TS29Z0920+hpt%2C+20%2F3%2F2017%2C12.05+need+immed&from=919959226120
http://tsrtcfeedback.appspot.com/preAuth/sms/complaint?query=%3F&from=918885725422
http://tsrtcfeedback.appspot.com/preAuth/sms/complaint?query=3+11Z545+HAKIMPET&from=917382924742
http://tsrtcfeedback.appspot.com/preAuth/sms/complaint?query=%3F&from=919959226139
http://tsrtcfeedback.appspot.com/preAuth/sms/complaint?query=%3F&from=917382826119
http://tsrtcfeedback.appspot.com/preAuth/sms/complaint?query=%3F&from=919959226138
http://tsrtcfeedback.appspot.com/preAuth/sms/complaint?query=2&from=919949630078
http://tsrtcfeedback.appspot.com/preAuth/sms/complaint?query=211z633520%2F03%2F201712%3A22&from=917093992216
http://tsrtcfeedback.appspot.com/preAuth/sms/complaint?query=%3F&from=919959226136
http://tsrtcfeedback.appspot.com/preAuth/sms/complaint?query=%3F&from=917013556950
http://tsrtcfeedback.appspot.com/preAuth/sms/complaint?query=%3F&from=918309540340
http://tsrtcfeedback.appspot.com/preAuth/sms/complaint?query=%3F&from=917382808488
http://tsrtcfeedback.appspot.com/preAuth/sms/complaint?query=311z6335cgcl20%2F030201712%3A26&from=917093992216
http://tsrtcfeedback.appspot.com/preAuth/sms/complaint?query=2+ts29z1114+afzalgunj%2C20%2F3%2F2017%2C11.30am+pl+take+action&from=919959226136
http://tsrtcfeedback.appspot.com/preAuth/sms/complaint?query=2+TS09Z+7659+lakdikapool&from=917013556950
http://tsrtcfeedback.appspot.com/preAuth/sms/complaint?query=%3F&from=917382839276
http://tsrtcfeedback.appspot.com/preAuth/sms/complaint?query=%3F&from=919959226140
http://tsrtcfeedback.appspot.com/preAuth/sms/complaint?query=3+Ts07z4003+Midhani%2C20.03.2017%2C12%3A36+for+action&from=919959226139
http://tsrtcfeedback.appspot.com/preAuth/sms/complaint?query=%3F&from=919959225118
http://tsrtcfeedback.appspot.com/preAuth/sms/complaint?query=2+Ts09z7662+uppal+20.03.2017+11.30am+for+n%2Fa&from=919959226140
http://tsrtcfeedback.appspot.com/preAuth/sms/complaint?query=%3F&from=918885725422
http://tsrtcfeedback.appspot.com/preAuth/sms/complaint?query=%3F&from=917382800870
http://tsrtcfeedback.appspot.com/preAuth/sms/complaint?query=%3F&from=919493214250
http://tsrtcfeedback.appspot.com/preAuth/sms/complaint?query=%3F&from=919949536728
http://tsrtcfeedback.appspot.com/preAuth/sms/complaint?query=%3F&from=918919227078
http://tsrtcfeedback.appspot.com/preAuth/sms/complaint?query=%3F&from=919959226252
http://tsrtcfeedback.appspot.com/preAuth/sms/complaint?query=%3F&from=919505462002
http://tsrtcfeedback.appspot.com/preAuth/sms/complaint?query=%3F&from=919959226301
http://tsrtcfeedback.appspot.com/preAuth/sms/complaint?query=%3F&from=917382829619
http://tsrtcfeedback.appspot.com/preAuth/sms/complaint?query=%3F&from=917382933811
http://tsrtcfeedback.appspot.com/preAuth/sms/complaint?query=%3F&from=917382924899
http://tsrtcfeedback.appspot.com/preAuth/sms/complaint?query=%3F&from=917382924743
http://tsrtcfeedback.appspot.com/preAuth/sms/complaint?query=%3F&from=919959226242
http://tsrtcfeedback.appspot.com/preAuth/sms/complaint?query=%3F+&from=919959226268
http://tsrtcfeedback.appspot.com/preAuth/sms/complaint?query=%3F&from=918919633617
http://tsrtcfeedback.appspot.com/preAuth/sms/complaint?query=%3F&from=919959226305
http://tsrtcfeedback.appspot.com/preAuth/sms/complaint?query=%3F&from=919505952095
http://tsrtcfeedback.appspot.com/preAuth/sms/complaint?query=%3F&from=919959226267
http://tsrtcfeedback.appspot.com/preAuth/sms/complaint?query=7&from=917382832672
http://tsrtcfeedback.appspot.com/preAuth/sms/complaint?query=%3F&from=919959225547
http://tsrtcfeedback.appspot.com/preAuth/sms/complaint?query=%3F&from=919959226309
http://tsrtcfeedback.appspot.com/preAuth/sms/complaint?query=%3F&from=917382817331
http://tsrtcfeedback.appspot.com/preAuth/sms/complaint?query=%3F&from=917382919948
http://tsrtcfeedback.appspot.com/preAuth/sms/complaint?query=%3F&from=919959226310
http://tsrtcfeedback.appspot.com/preAuth/sms/complaint?query=SMS&from=919959226306
http://tsrtcfeedback.appspot.com/preAuth/sms/complaint?query=%3F%3F&from=919959226308
http://tsrtcfeedback.appspot.com/preAuth/sms/complaint?query=%3F&from=917893001055
http://tsrtcfeedback.appspot.com/preAuth/sms/complaint?query=%3F&from=917989225791
http://tsrtcfeedback.appspot.com/preAuth/sms/complaint?query=%3F&from=918317549317
http://tsrtcfeedback.appspot.com/preAuth/sms/complaint?query=%3F&from=919959225120
http://tsrtcfeedback.appspot.com/preAuth/sms/complaint?query=%3F&from=919959226271
http://tsrtcfeedback.appspot.com/preAuth/sms/complaint?query=%3F&from=919959226308
http://tsrtcfeedback.appspot.com/preAuth/sms/complaint?query=%3F&from=919959223871
http://tsrtcfeedback.appspot.com/preAuth/sms/complaint?query=%3F&from=919866314253
http://tsrtcfeedback.appspot.com/preAuth/sms/complaint?query=%3F&from=917989707938
http://tsrtcfeedback.appspot.com/preAuth/sms/complaint?query=%3F&from=917382945153
http://tsrtcfeedback.appspot.com/preAuth/sms/complaint?query=%3F&from=917989225791
http://tsrtcfeedback.appspot.com/preAuth/sms/complaint?query=%3F&from=919492179462
http://tsrtcfeedback.appspot.com/preAuth/sms/complaint?query=%3F&from=919959225253
http://tsrtcfeedback.appspot.com/preAuth/sms/complaint?query=%3F&from=918247775880
http://tsrtcfeedback.appspot.com/preAuth/sms/complaint?query=%3F&from=917382832672
http://tsrtcfeedback.appspot.com/preAuth/sms/complaint?query=%3F&from=919959226263
http://tsrtcfeedback.appspot.com/preAuth/sms/complaint?query=%3F&from=917382834487
http://tsrtcfeedback.appspot.com/preAuth/sms/complaint?query=%3F&from=918317589742
http://tsrtcfeedback.appspot.com/preAuth/sms/complaint?query=Sms&from=919959226306
http://tsrtcfeedback.appspot.com/preAuth/sms/complaint?query=%3F&from=917382834912
http://tsrtcfeedback.appspot.com/preAuth/sms/complaint?query=%3F&from=919491556663
http://tsrtcfeedback.appspot.com/preAuth/sms/complaint?query=3+AP29Z1224KPHB&from=917382919948
http://tsrtcfeedback.appspot.com/preAuth/sms/complaint?query=%3F&from=919959226263
http://tsrtcfeedback.appspot.com/preAuth/sms/complaint?query=2&from=917989225791
http://tsrtcfeedback.appspot.com/preAuth/sms/complaint?query=2+Ap36z0230+parkal&from=919949536728
http://tsrtcfeedback.appspot.com/preAuth/sms/complaint?query=3+AP28Z0019+GAJWEL&from=918919227078
http://tsrtcfeedback.appspot.com/preAuth/sms/complaint?query=2+TS29Z2610+Hyderabad-1&from=919959226268
http://tsrtcfeedback.appspot.com/preAuth/sms/complaint?query=3+AP29Z1224+KPHB&from=917382919948
http://tsrtcfeedback.appspot.com/preAuth/sms/complaint?query=1+ts29z2610+bhonogir+driverdrunken&from=919959226301
http://tsrtcfeedback.appspot.com/preAuth/sms/complaint?query=4+TS29Z2610HAKIMPET%2C20%2F03%2F2017%2C14%3A42PM+%22BUS+NOT+CLEANED%22&from=917382829619
http://tsrtcfeedback.appspot.com/preAuth/sms/complaint?query=8886638800&from=919959226251
http://tsrtcfeedback.appspot.com/preAuth/sms/complaint?query=9+TS29Z2610+mendapatkan%2C20%2F03%2F17%2C14%3A42&from=917382945153
http://tsrtcfeedback.appspot.com/preAuth/sms/complaint?query=3+AP28Z1127+hakimpet%2C20%2F03%2F2017%2C14%3A44+requiredcleaningofbus&from=918919633617
http://tsrtcfeedback.appspot.com/preAuth/sms/complaint?query=8886638800+%3F&from=919959226251
http://tsrtcfeedback.appspot.com/preAuth/sms/complaint?query=2+ts050149+khammam+20%2F03%2F2017%2C14.45+negligent&from=919959226309
http://tsrtcfeedback.appspot.com/preAuth/sms/complaint?query=2+TS29Z2610+INSIDENT+LOCATION%2C19.00hrs+20.03.2017&from=918919837686
http://tsrtcfeedback.appspot.com/preAuth/sms/complaint?query=2+TS29Z2610+DSNR+Dt+time+very+rash&from=919959226263
http://tsrtcfeedback.appspot.com/preAuth/sms/complaint?query=2+TS29Z2610%16tolichowki%2C20%2F03%2F2017%2C14%3A42+very+rash&from=918885725422
http://tsrtcfeedback.appspot.com/preAuth/sms/complaint?query=1+ap29z+1785++jadcherla+%2C+20.3.2017%2C+14.40++bad&from=919959223871
http://tsrtcfeedback.appspot.com/preAuth/sms/complaint?query=2+AP29Z653+Mgbs+20%2F03%2F2017%2C7%3A00%2Cvery+rough+driving&from=918247775880
http://tsrtcfeedback.appspot.com/preAuth/sms/complaint?query=9+TS29Z2610+mehdipatnam%2C20%2F03%2F17%2C14%3A42&from=917382945153
http://tsrtcfeedback.appspot.com/preAuth/sms/complaint?query=1+ap24z0072+hakimpet&from=917989225791
http://tsrtcfeedback.appspot.com/preAuth/sms/complaint?query=2+Ts29z2610++Hyderabad%2C20-03-2017%2C14%3A42&from=919959226252
http://tsrtcfeedback.appspot.com/preAuth/sms/complaint?query=4+ts07z0630+MBNR%2C+20%2F03%2F17%2C15%3A30+bad+boy+driving+your+bus&from=919959225120
http://tsrtcfeedback.appspot.com/preAuth/sms/complaint?query=2+Ts29Z2610+Mehdipatnam+20%2F03%2F2017%2C+14%3A42+very+rash&from=919959225547
http://tsrtcfeedback.appspot.com/preAuth/sms/complaint?query=3+TS07Z4079+hakeempet+20%2F03%2F2017%2C14%3A42+unpunctual&from=919493024742
http://tsrtcfeedback.appspot.com/preAuth/sms/complaint?query=3+AP28Z0019+GAJWEL%2C20.3.17%2Cunpuctual&from=918919227078
http://tsrtcfeedback.appspot.com/preAuth/sms/complaint?query=5+AP23Z0019+alwal%2C+20.03.2017%2C13%3A50+bus+not+stopped&from=918317549317
http://tsrtcfeedback.appspot.com/preAuth/sms/complaint?query=2+TS29Z2610%16tolichowki%2C20%2F03%2F2017%2C14%3A42+veryrash&from=918885725422
http://tsrtcfeedback.appspot.com/preAuth/sms/complaint?query=2+TS29Z2610+tollichowk%2C+20%2F03%2F2017%2C+14%3A42+very+rash+driving&from=919959226310
http://tsrtcfeedback.appspot.com/preAuth/sms/complaint?query=3+TS15Z0135+HYD+%2C+20%2F03%2F2017%2C+14.43+Vr&from=918317589742
http://tsrtcfeedback.appspot.com/preAuth/sms/complaint?query=1+ap11z5020+ygt%2C20%2F03%2F2017%2C14.30&from=917382800870
http://tsrtcfeedback.appspot.com/preAuth/sms/complaint?query=4+ts07z0630+MBNR%2C+20%2F03%2F17%2C15%3A30+badboydrivingyourbus&from=919959225120
http://tsrtcfeedback.appspot.com/preAuth/sms/complaint?query=2AP24Z106+hakimpet20%2F03%2F2017%2C14.43+veryrash&from=919492179462
http://tsrtcfeedback.appspot.com/preAuth/sms/complaint?query=2+ts29z2610+koti&from=917382924899
http://tsrtcfeedback.appspot.com/preAuth/sms/complaint?query=2+ts29z2610+mehdipatnam%2C20.03.2017%2C14%3A00&from=919959226267
http://tsrtcfeedback.appspot.com/preAuth/sms/complaint?query=5+AP29TA5005+shankarpally%2C20%2F03%2F2017%2C14.00&from=919491556663
http://tsrtcfeedback.appspot.com/preAuth/sms/complaint?query=2%2C++ts5ua+%2Cnlg&from=919866314253
http://tsrtcfeedback.appspot.com/preAuth/sms/complaint?query=5+AP23Z0019+alwal%2C20.03.2017%2C13%3A50%2C+busnotstopped&from=918317549317
http://tsrtcfeedback.appspot.com/preAuth/sms/complaint?query=3+AP29Z3461+HYD&from=919493214250
http://tsrtcfeedback.appspot.com/preAuth/sms/complaint?query=2%2CAP11Z1988%2Cnalgonda+20%2F03%2F20172%3A44%2Cvery+and+rush+hour&from=919505952095
http://tsrtcfeedback.appspot.com/preAuth/sms/complaint?query=2+AP36Z0230+parkal&from=919949536728
http://tsrtcfeedback.appspot.com/preAuth/sms/complaint?query=1+ap29z1785++jadcherla+%2C+20.3.2017%2C+14.40&from=919959223871
http://tsrtcfeedback.appspot.com/preAuth/sms/complaint?query=2+TS29Z2510+hakimpet%2C+20%2F03%2F2017%2C14.30&from=917989225791
http://tsrtcfeedback.appspot.com/preAuth/sms/complaint?query=2+TS29Z2610+Hyderabad-1+20%2F3%2F2017+rashdriving&from=919959226268
http://tsrtcfeedback.appspot.com/preAuth/sms/complaint?query=4+TS29Z2610HAKIMPET%2C20%2F03%2F2017%2C14%3A42PM+%22BUSNOTCLEANED%22&from=917382829619
http://tsrtcfeedback.appspot.com/preAuth/sms/complaint?query=%3F&from=918317549317
http://tsrtcfeedback.appspot.com/preAuth/sms/complaint?query=3+AP28Z1127+hakimpet%2C20%2F03%2F2017%2C14%3A44+requiredcleaningofbus&from=918919633617
http://tsrtcfeedback.appspot.com/preAuth/sms/complaint?query=3+28Z+4046+BSB+DT+20%2F3%2F17time+.16+00+HRS&from=919959226251
http://tsrtcfeedback.appspot.com/preAuth/sms/complaint?query=2%2CAP11Z1988%2Cnalgonda+20%2F03%2F20172%3A44%2Cveryandrush&from=919505952095
http://tsrtcfeedback.appspot.com/preAuth/sms/complaint?query=2+TS29Z2610+Tolichowki+test&from=918885725422
http://tsrtcfeedback.appspot.com/preAuth/sms/complaint?query=2+TS29Z2510+hakimpet%2C+20%2F03%2F2017&from=917989225791
http://tsrtcfeedback.appspot.com/preAuth/sms/complaint?query=2+AP11Z2172+kothapet+test&from=917382800870
http://tsrtcfeedback.appspot.com/preAuth/sms/complaint?query=2+Ap36z0230parkal&from=919949536728
http://tsrtcfeedback.appspot.com/preAuth/sms/complaint?query=4+TS29Z2610+HAKIMPET%2C20%2F03%2F2017%2C14%3A42+BUSNOTCLEANED&from=917382829619
http://tsrtcfeedback.appspot.com/preAuth/sms/complaint?query=2AP29Z106+hakimpet20%2F03%2F2017%2C14.45+veryrash&from=919492179462
http://tsrtcfeedback.appspot.com/preAuth/sms/complaint?query=3+28Z+4046+BSB+DT+20%2F3%2F17time+.16+00+HRS&from=917382839127
http://tsrtcfeedback.appspot.com/preAuth/sms/complaint?query=5+Ts15z0136+ptc%2C20.03.17%2C14.45&from=917382924743
http://tsrtcfeedback.appspot.com/preAuth/sms/complaint?query=1+ap29z1785++jadcherla+20.3.2017+13.40&from=919959223871
http://tsrtcfeedback.appspot.com/preAuth/sms/complaint?query=5+AP23Z0019+alwal%2C20.03.2017%2C13%3A50%2C+busnotstopped&from=918317549317
http://tsrtcfeedback.appspot.com/preAuth/sms/complaint?query=3+AP28Z1127+hakimpet++requiredcleaningofbus&from=918919633617
http://tsrtcfeedback.appspot.com/preAuth/sms/complaint?query=5+AP29TA5005+shankarpally&from=919491556663
http://tsrtcfeedback.appspot.com/preAuth/sms/complaint?query=2+AP36Z0230+parkal+20%2F03%2F2017%2C14%3A49&from=919949536728
http://tsrtcfeedback.appspot.com/preAuth/sms/complaint?query=2++ap24z+0050%2C+rash+driving%2C+uppal+13.40&from=919866314253
http://tsrtcfeedback.appspot.com/preAuth/sms/complaint?query=6+TS15Z1234+HYDERABAD&from=917989225791
http://tsrtcfeedback.appspot.com/preAuth/sms/complaint?query=3+AP29Z1224+KPHB+20%2F03%2F17+11.20&from=917382919948
http://tsrtcfeedback.appspot.com/preAuth/sms/complaint?query=6+TS15Z1234+HYDERABAD&from=917989225791
http://tsrtcfeedback.appspot.com/preAuth/sms/complaint?query=3+AP29Z3448+NGKL&from=919493214250
http://tsrtcfeedback.appspot.com/preAuth/sms/complaint?query=2++ap24z+0050%2C+rash+driving%2C+uppal+13.40&from=919866314253
http://tsrtcfeedback.appspot.com/preAuth/sms/complaint?query=4+TS07Z4079+HAKIMPET&from=919491556663
http://tsrtcfeedback.appspot.com/preAuth/sms/complaint?query=6&from=917989225791
http://tsrtcfeedback.appspot.com/preAuth/sms/complaint?query=%3F&from=917989225791
http://tsrtcfeedback.appspot.com/preAuth/sms/complaint?query=2+ap29z2610+abids&from=917382800870
http://tsrtcfeedback.appspot.com/preAuth/sms/complaint?query=2+ts20z0071+abids&from=917382800870
http://tsrtcfeedback.appspot.com/preAuth/sms/complaint?query=Rash+driving+%C3%A0%C2%B0%C2%AC%C3%A0%C2%B0%C2%B8%C3%A0%C2%B1%C2%8D%C3%A0%C2%B0%C2%B8%C3%A0%C2%B1%C2%81%C3%A0%C2%B0%C2%A8%C3%A0%C2%B1%E2%80%A1%C3%A0%C2%B0%C2%81.2236+mallpally&from=919866314253
http://tsrtcfeedback.appspot.com/preAuth/sms/complaint?query=%3F&from=919866314253
http://tsrtcfeedback.appspot.com/preAuth/sms/complaint?query=2+TS16Z0024+THUB+20%2F03%2F2017+14%3A52&from=918978245656
http://tsrtcfeedback.appspot.com/preAuth/sms/complaint?query=2+TS16Z0024+THUB+20%2F03%2F2017%2C14%3A52&from=918978245656
http://tsrtcfeedback.appspot.com/preAuth/sms/complaint?query=4+TS20Z0071+Toli+20%2F03%2F2017+16%3A55&from=918978245656
http://tsrtcfeedback.appspot.com/preAuth/sms/complaint?query=%3F&from=919959225547
http://tsrtcfeedback.appspot.com/preAuth/sms/complaint?query=9+ts29z2610+Mehdipatnam+20%2F03%2F2017+18%3A00&from=919959225547
http://tsrtcfeedback.appspot.com/preAuth/sms/complaint?query=%3F&from=917382834982
http://tsrtcfeedback.appspot.com/preAuth/sms/complaint?query=%3F&from=918978245656
http://tsrtcfeedback.appspot.com/preAuth/sms/complaint?query=%3F&from=918885725422
http://tsrtcfeedback.appspot.com/preAuth/sms/complaint?query=%3F&from=918309614972
http://tsrtcfeedback.appspot.com/preAuth/sms/complaint?query=%3F&from=917013493872
http://tsrtcfeedback.appspot.com/preAuth/sms/complaint?query=%3F&from=919849417357
http://tsrtcfeedback.appspot.com/preAuth/sms/complaint?query=%3F&from=917569777780
http://tsrtcfeedback.appspot.com/preAuth/sms/complaint?query=%3F&from=919059162162
http://tsrtcfeedback.appspot.com/preAuth/sms/complaint?query=%3F&from=919959226131
http://tsrtcfeedback.appspot.com/preAuth/sms/complaint?query=%3F&from=919959226087
http://tsrtcfeedback.appspot.com/preAuth/sms/complaint?query=Codes&from=919959223920
http://tsrtcfeedback.appspot.com/preAuth/sms/complaint?query=%3F&from=917382095204
http://tsrtcfeedback.appspot.com/preAuth/sms/complaint?query=%3F&from=919966981056
http://tsrtcfeedback.appspot.com/preAuth/sms/complaint?query=%3F&from=919618526567
http://tsrtcfeedback.appspot.com/preAuth/sms/complaint?query=%3F&from=918074762393
http://tsrtcfeedback.appspot.com/preAuth/sms/complaint?query=%3F&from=917382828101
http://tsrtcfeedback.appspot.com/preAuth/sms/complaint?query=%3F&from=919493210071
http://tsrtcfeedback.appspot.com/preAuth/sms/complaint?query=%3F&from=919959226152
http://tsrtcfeedback.appspot.com/preAuth/sms/complaint?query=%3F&from=917989640860
http://tsrtcfeedback.appspot.com/preAuth/sms/complaint?query=2&from=918317673146
http://tsrtcfeedback.appspot.com/preAuth/sms/complaint?query=%3F&from=917382827596
http://tsrtcfeedback.appspot.com/preAuth/sms/complaint?query=%3F&from=919959226129
http://tsrtcfeedback.appspot.com/preAuth/sms/complaint?query=%3F&from=919959226290
http://tsrtcfeedback.appspot.com/preAuth/sms/complaint?query=%3F&from=917382826910
http://tsrtcfeedback.appspot.com/preAuth/sms/complaint?query=%3F&from=917382858865
http://tsrtcfeedback.appspot.com/preAuth/sms/complaint?query=%3F&from=919959223920
http://tsrtcfeedback.appspot.com/preAuth/sms/complaint?query=%3F&from=917382813106
http://tsrtcfeedback.appspot.com/preAuth/sms/complaint?query=%3F&from=918309489656
http://tsrtcfeedback.appspot.com/preAuth/sms/complaint?query=%3F&from=919959746419
http://tsrtcfeedback.appspot.com/preAuth/sms/complaint?query=%3F&from=919959226283
http://tsrtcfeedback.appspot.com/preAuth/sms/complaint?query=%3F&from=919959226151
http://tsrtcfeedback.appspot.com/preAuth/sms/complaint?query=%3F&from=919959224495
http://tsrtcfeedback.appspot.com/preAuth/sms/complaint?query=%3F&from=917382821799
http://tsrtcfeedback.appspot.com/preAuth/sms/complaint?query=%3F&from=919959224642
http://tsrtcfeedback.appspot.com/preAuth/sms/complaint?query=%3F&from=917382819410
http://tsrtcfeedback.appspot.com/preAuth/sms/complaint?query=%3F&from=919959226151
http://tsrtcfeedback.appspot.com/preAuth/sms/complaint?query=4+TS06Z0188+kollapur+cleanliness+of+bus&from=919966981056
http://tsrtcfeedback.appspot.com/preAuth/sms/complaint?query=02&from=917382827596
http://tsrtcfeedback.appspot.com/preAuth/sms/complaint?query=3+11z5111+kcg+x+road&from=917013493872
http://tsrtcfeedback.appspot.com/preAuth/sms/complaint?query=3+TS11Z7188+Shaikpet%2C21%2F03%2F2017%2C10%3A15+stopping&from=918309614972
http://tsrtcfeedback.appspot.com/preAuth/sms/complaint?query=Ap29z0765&from=917382827596
http://tsrtcfeedback.appspot.com/preAuth/sms/complaint?query=3+AP11z5111+kcg+x+road&from=917013493872
http://tsrtcfeedback.appspot.com/preAuth/sms/complaint?query=3+TS11Z7355+Afjulgunj%2C21%2F03%2F2017%2C10%3A45&from=919959226129
http://tsrtcfeedback.appspot.com/preAuth/sms/complaint?query=%3F&from=917382800974
http://tsrtcfeedback.appspot.com/preAuth/sms/complaint?query=3+TS11Z7188+shaikpet+21%2F03%2F2017+10%3A46&from=917382826910
http://tsrtcfeedback.appspot.com/preAuth/sms/complaint?query=%3F&from=917382835992
http://tsrtcfeedback.appspot.com/preAuth/sms/complaint?query=3+ts11z7188+shaikpet&from=917569777780
http://tsrtcfeedback.appspot.com/preAuth/sms/complaint?query=%3F&from=917382837166
http://tsrtcfeedback.appspot.com/preAuth/sms/complaint?query=3+TS11Z7188+shaikpet+21%2F03%2F2017%2C10%3A46+bus+condition+is+not+good&from=917382826910
http://tsrtcfeedback.appspot.com/preAuth/sms/complaint?query=3+TS11Z7188+SHAIKPET%2C21%2F03%2F17%2C10%3A15+STOPPING&from=918885725422
http://tsrtcfeedback.appspot.com/preAuth/sms/complaint?query=%3F&from=917382813106
http://tsrtcfeedback.appspot.com/preAuth/sms/complaint?query=%3F&from=918317673146
http://tsrtcfeedback.appspot.com/preAuth/sms/complaint?query=2+AP29Z1100+suchitra&from=919959226152
http://tsrtcfeedback.appspot.com/preAuth/sms/complaint?query=2+ap11z6559+koti&from=919493210071
http://tsrtcfeedback.appspot.com/preAuth/sms/complaint?query=%3F&from=919959226151
http://tsrtcfeedback.appspot.com/preAuth/sms/complaint?query=3+TS11Z7188+SHAIKPET%2C+21%2F03%2F2017%2C10%3A15++stopping&from=917989640860
http://tsrtcfeedback.appspot.com/preAuth/sms/complaint?query=9+TS29Z1115+afjalgung+not+given+change+21.00&from=918317673146
http://tsrtcfeedback.appspot.com/preAuth/sms/complaint?query=%3F&from=917382822513
http://tsrtcfeedback.appspot.com/preAuth/sms/complaint?query=6+TS07z4072+kukatpally+A.C.+working&from=917382862078
http://tsrtcfeedback.appspot.com/preAuth/sms/complaint?query=%3F&from=919959226420
http://tsrtcfeedback.appspot.com/preAuth/sms/complaint?query=3+ts29z1115+crmr+ok&from=917382813106
http://tsrtcfeedback.appspot.com/preAuth/sms/complaint?query=2+TS06Z0183+ACHAMPET&from=919849417357
http://tsrtcfeedback.appspot.com/preAuth/sms/complaint?query=%3F&from=918500503719
http://tsrtcfeedback.appspot.com/preAuth/sms/complaint?query=2+TS07Z4008+NIMS&from=918500503719
http://tsrtcfeedback.appspot.com/preAuth/sms/complaint?query=9+TS09Z7632+Airport&from=919959226420
http://tsrtcfeedback.appspot.com/preAuth/sms/complaint?query=9+AP29Z867+CHANDRAYANGUTTA&from=918500503719
http://tsrtcfeedback.appspot.com/preAuth/sms/complaint?query=Punctuality+nkp+depot+dt20.03-2017.to+B+orp+50.can+nil.opr+50.late+.nil..On+dot+50..-..-..+-..-..-+.&from=917382834589
http://tsrtcfeedback.appspot.com/preAuth/sms/complaint?query=%3F&from=917382834589
http://tsrtcfeedback.appspot.com/preAuth/sms/complaint?query=Test&from=917012936558
http://tsrtcfeedback.appspot.com/preAuth/sms/complaint?query=4+TS20z0071+Tolichowki+22%2F03%2F2017%2C10%3A38&from=918978245656
http://tsrtcfeedback.appspot.com/preAuth/sms/complaint?query=%3F&from=919959225923
http://tsrtcfeedback.appspot.com/preAuth/sms/complaint?query=%3F&from=919959226707
http://tsrtcfeedback.appspot.com/preAuth/sms/complaint?query=%3F&from=919959225916
http://tsrtcfeedback.appspot.com/preAuth/sms/complaint?query=%3F&from=917382856110
http://tsrtcfeedback.appspot.com/preAuth/sms/complaint?query=%3F&from=917382846720
http://tsrtcfeedback.appspot.com/preAuth/sms/complaint?query=%3F&from=919959226048
http://tsrtcfeedback.appspot.com/preAuth/sms/complaint?query=%3F&from=917382852903
http://tsrtcfeedback.appspot.com/preAuth/sms/complaint?query=%3F&from=917382852316
http://tsrtcfeedback.appspot.com/preAuth/sms/complaint?query=%3F&from=917382841997
http://tsrtcfeedback.appspot.com/preAuth/sms/complaint?query=%3F&from=919959225922
http://tsrtcfeedback.appspot.com/preAuth/sms/complaint?query=%3F&from=919490781185
http://tsrtcfeedback.appspot.com/preAuth/sms/complaint?query=%3F&from=918885725422
http://tsrtcfeedback.appspot.com/preAuth/sms/complaint?query=2+ts11z0845+koti&from=919959226047
http://tsrtcfeedback.appspot.com/preAuth/sms/complaint?query=%3F&from=918328367838
http://tsrtcfeedback.appspot.com/preAuth/sms/complaint?query=%3F&from=917382854316
http://tsrtcfeedback.appspot.com/preAuth/sms/complaint?query=%3F&from=917382832349
http://tsrtcfeedback.appspot.com/preAuth/sms/complaint?query=%3F&from=918328190147
http://tsrtcfeedback.appspot.com/preAuth/sms/complaint?query=%3F&from=919959226047
http://tsrtcfeedback.appspot.com/preAuth/sms/complaint?query=%3F%3F&from=917382851280
http://tsrtcfeedback.appspot.com/preAuth/sms/complaint?query=SIR+BUSES+ARE+RUNNING++BUNCHES+NOT+COMING+IN+TIME&from=917382840809
http://tsrtcfeedback.appspot.com/preAuth/sms/complaint?query=%3F&from=919000014620
http://tsrtcfeedback.appspot.com/preAuth/sms/complaint?query=1+TS03Z0002+WL&from=918328190147
http://tsrtcfeedback.appspot.com/preAuth/sms/complaint?query=2+TS02Z8046+Faluknama&from=919959225922
http://tsrtcfeedback.appspot.com/preAuth/sms/complaint?query=3+ap11z1990+trr+depot&from=918328367838
http://tsrtcfeedback.appspot.com/preAuth/sms/complaint?query=6+ap29z+2935+korutla&from=919959225916
http://tsrtcfeedback.appspot.com/preAuth/sms/complaint?query=2+TS25Z0012+BHUPALAPALLY&from=919959226707
http://tsrtcfeedback.appspot.com/preAuth/sms/complaint?query=%23&from=919676186759
http://tsrtcfeedback.appspot.com/preAuth/sms/complaint?query=%3F&from=917382847743
http://tsrtcfeedback.appspot.com/preAuth/sms/complaint?query=8+TS03Z0313+WARANGAL+ATTENTION&from=919490781185
http://tsrtcfeedback.appspot.com/preAuth/sms/complaint?query=2&from=919676186759
http://tsrtcfeedback.appspot.com/preAuth/sms/complaint?query=%3F&from=917989062462
http://tsrtcfeedback.appspot.com/preAuth/sms/complaint?query=2+TS10Z5939+WARANGAL&from=919959226048
http://tsrtcfeedback.appspot.com/preAuth/sms/complaint?query=%3F&from=919959226042
http://tsrtcfeedback.appspot.com/preAuth/sms/complaint?query=3+ts02z+195+huzurabad&from=919866117385
http://tsrtcfeedback.appspot.com/preAuth/sms/complaint?query=3+TS10Z5939+WARNGAL+22%2F03%2F2017%2C1103&from=918885725422
http://tsrtcfeedback.appspot.com/preAuth/sms/complaint?query=3+AP36Z0213+JANGAON&from=917382852903
http://tsrtcfeedback.appspot.com/preAuth/sms/complaint?query=%3F&from=917382848657
http://tsrtcfeedback.appspot.com/preAuth/sms/complaint?query=2+AP29Z0079+Warangal&from=919676186759
http://tsrtcfeedback.appspot.com/preAuth/sms/complaint?query=3+TS10Z+5939+Warangal%2C+22%2F03%2F2017&from=919959225922
http://tsrtcfeedback.appspot.com/preAuth/sms/complaint?query=3+AP29Z3340+Warangal+22%2F03%2F2017%2C11.05&from=917382852316
http://tsrtcfeedback.appspot.com/preAuth/sms/complaint?query=%3F&from=917382846356
http://tsrtcfeedback.appspot.com/preAuth/sms/complaint?query=3+TS10Z5939+WARNGAL.+22%2F03%2F2017%2C1103&from=917382851280
http://tsrtcfeedback.appspot.com/preAuth/sms/complaint?query=3+ts03z0309+warangal&from=919959226047
http://tsrtcfeedback.appspot.com/preAuth/sms/complaint?query=3+TS+02Z+0209+SIDDIPET&from=919959225923
http://tsrtcfeedback.appspot.com/preAuth/sms/complaint?query=6+ap29z2935+korutla&from=919959225916
http://tsrtcfeedback.appspot.com/preAuth/sms/complaint?query=3+TS+10Z5939+Warangal+22.03.2017.11.05&from=917382846720
http://tsrtcfeedback.appspot.com/preAuth/sms/complaint?query=4+1224+gdk&from=917382841997
http://tsrtcfeedback.appspot.com/preAuth/sms/complaint?query=3+ap11z1990+thorrur&from=918328367838
http://tsrtcfeedback.appspot.com/preAuth/sms/complaint?query=%3F&from=919491419040
http://tsrtcfeedback.appspot.com/preAuth/sms/complaint?query=6+ap29z+3338+karimnagar&from=919959225916
http://tsrtcfeedback.appspot.com/preAuth/sms/complaint?query=3+TS10Z5939+warangal+22.03.17+11.06&from=918328190147
http://tsrtcfeedback.appspot.com/preAuth/sms/complaint?query=%3F&from=919866117385
http://tsrtcfeedback.appspot.com/preAuth/sms/complaint?query=6+ap29z3338+karimnagar&from=919959225916
http://tsrtcfeedback.appspot.com/preAuth/sms/complaint?query=6+ts03z0309+wgl&from=919959226042
http://tsrtcfeedback.appspot.com/preAuth/sms/complaint?query=3+TS27Z0002+THORRUR+22.03.2017%2C12%3A00&from=919491419040
http://tsrtcfeedback.appspot.com/preAuth/sms/complaint?query=3+TS10Z5939+Warangal%2C+22%2F03%2F2017&from=919959225922
http://tsrtcfeedback.appspot.com/preAuth/sms/complaint?query=4+ts22z0284+gdk&from=917382841997
http://tsrtcfeedback.appspot.com/preAuth/sms/complaint?query=3+11Z1452+warangal+1130&from=917382832349
http://tsrtcfeedback.appspot.com/preAuth/sms/complaint?query=3+TS10Z7685+Warangal&from=919959226049
http://tsrtcfeedback.appspot.com/preAuth/sms/complaint?query=Hi&from=919959226051
http://tsrtcfeedback.appspot.com/preAuth/sms/complaint?query=3+29z3363+Warangal&from=917382854316
http://tsrtcfeedback.appspot.com/preAuth/sms/complaint?query=8+TS10Z7685+WARANGAL+ATTENTION&from=919490781185
http://tsrtcfeedback.appspot.com/preAuth/sms/complaint?query=2+ts11z7685+subedari&from=917989062462
http://tsrtcfeedback.appspot.com/preAuth/sms/complaint?query=3+TS03Z0293+warangal+DT%3A22%2F3%2F17&from=919000094089
http://tsrtcfeedback.appspot.com/preAuth/sms/complaint?query=2+TS10Z7685+suberi&from=918328367838
http://tsrtcfeedback.appspot.com/preAuth/sms/complaint?query=1+TS29Z0633+Hanamkonda%2C22%2F03%2F17&from=917382852316
http://tsrtcfeedback.appspot.com/preAuth/sms/complaint?query=4+TS10Z7685+SUBEDARI&from=917382847743
http://tsrtcfeedback.appspot.com/preAuth/sms/complaint?query=3+TS1OZ7685+SUBEDARI&from=917382852903
http://tsrtcfeedback.appspot.com/preAuth/sms/complaint?query=2+TS10Z7685+RAMNAGAR&from=919959225915
http://tsrtcfeedback.appspot.com/preAuth/sms/complaint?query=%3F&from=917780179172
http://tsrtcfeedback.appspot.com/preAuth/sms/complaint?query=6+ts29z+3338+karimnagar&from=919959225916
http://tsrtcfeedback.appspot.com/preAuth/sms/complaint?query=2+ts10z7685+subedari&from=919959226050
http://tsrtcfeedback.appspot.com/preAuth/sms/complaint?query=3+AP11Z1452+warangal+1130&from=917382832349
http://tsrtcfeedback.appspot.com/preAuth/sms/complaint?query=3+Ts+21z+oo32+mallial&from=919959225925
http://tsrtcfeedback.appspot.com/preAuth/sms/complaint?query=2+TS10Z7685+Subedari&from=918885725422
http://tsrtcfeedback.appspot.com/preAuth/sms/complaint?query=2+AP29Z+225+HNK+STOPPING&from=917382840809
http://tsrtcfeedback.appspot.com/preAuth/sms/complaint?query=2+ts10z7685+subedari&from=917989062462
http://tsrtcfeedback.appspot.com/preAuth/sms/complaint?query=6+ts29z3338+karimnagar&from=919959225916
http://tsrtcfeedback.appspot.com/preAuth/sms/complaint?query=3ts10z5939parkala&from=919959226051
http://tsrtcfeedback.appspot.com/preAuth/sms/complaint?query=%3F&from=917382926156
http://tsrtcfeedback.appspot.com/preAuth/sms/complaint?query=3+ts10z0004+parkala&from=919959226051
http://tsrtcfeedback.appspot.com/preAuth/sms/complaint?query=4+TS02Z0282+Siricilla+dt+21%2F03%2F17&from=919676186759
http://tsrtcfeedback.appspot.com/preAuth/sms/complaint?query=9+TS29Z1508+THORRUR+22.03.2017%2C11%3A00&from=919491419040
http://tsrtcfeedback.appspot.com/preAuth/sms/complaint?query=2+TS21Z0021+HYD+1105&from=917989526607
http://tsrtcfeedback.appspot.com/preAuth/sms/complaint?query=3+TS10Z5939+KARIMNAGAR&from=917382926156
http://tsrtcfeedback.appspot.com/preAuth/sms/complaint?query=3+AP28Z1452+warangal%2C1130&from=917382832349
http://tsrtcfeedback.appspot.com/preAuth/sms/complaint?query=3+TSX+1818+THORRUR&from=918328367838
http://tsrtcfeedback.appspot.com/preAuth/sms/complaint?query=3+AP28Z1452+warangal%2C1130&from=917382832349
http://tsrtcfeedback.appspot.com/preAuth/sms/complaint?query=2+TS21Z0021+HYD++22%2F03%2F2017+1105&from=917989526607
http://tsrtcfeedback.appspot.com/preAuth/sms/complaint?query=4+AP21Z0185+GODAVARIKHANI&from=917382841997
http://tsrtcfeedback.appspot.com/preAuth/sms/complaint?query=3+AP29Z1452+warangal%2C1130&from=917382832349
http://tsrtcfeedback.appspot.com/preAuth/sms/complaint?query=3+AP29Z2011+thorrur&from=918328367838
http://tsrtcfeedback.appspot.com/preAuth/sms/complaint?query=%3F&from=918328011095
http://tsrtcfeedback.appspot.com/preAuth/sms/complaint?query=2+TS21Z0021+HYD++22%2F03%2F2017+1105&from=917989526607
http://tsrtcfeedback.appspot.com/preAuth/sms/complaint?query=9+TS10Z5939+WARANGAL&from=918328011095
http://tsrtcfeedback.appspot.com/preAuth/sms/complaint?query=3+TS02Z0209+THURKAPALLY&from=919959225923
http://tsrtcfeedback.appspot.com/preAuth/sms/complaint?query=2+AP28Z3307+PEDDAPALLI&from=919959225923
http://tsrtcfeedback.appspot.com/preAuth/sms/complaint?query=3+AP29Z1452+warangal%2C11%3A30&from=917382832349
http://tsrtcfeedback.appspot.com/preAuth/sms/complaint?query=2ts02z206hyd.&from=919492903570
http://tsrtcfeedback.appspot.com/preAuth/sms/complaint?query=3+TS1OZ7685+SUBEDARI&from=917382852903
http://tsrtcfeedback.appspot.com/preAuth/sms/complaint?query=%3F&from=917382832349
http://tsrtcfeedback.appspot.com/preAuth/sms/complaint?query=3+AP29Z1089+warangal%2C+11%3A40&from=917382832349
http://tsrtcfeedback.appspot.com/preAuth/sms/complaint?query=3+TS21Z0373+ADALATH&from=917382852903
http://tsrtcfeedback.appspot.com/preAuth/sms/complaint?query=3+AP29Z1089+WARANGAL%2CDIRTY&from=917382832349
http://tsrtcfeedback.appspot.com/preAuth/sms/complaint?query=%3F&from=918885725422
http://tsrtcfeedback.appspot.com/preAuth/sms/complaint?query=%3F&from=918885725422
http://tsrtcfeedback.appspot.com/preAuth/sms/complaint?query=%3F&from=919440895769
http://tsrtcfeedback.appspot.com/preAuth/sms/complaint?query=%3F&from=917382847035
http://tsrtcfeedback.appspot.com/preAuth/sms/complaint?query=%3F&from=918885725422
http://tsrtcfeedback.appspot.com/preAuth/sms/complaint?query=%3F&from=919959225960
http://tsrtcfeedback.appspot.com/preAuth/sms/complaint?query=%3F&from=919966794237
http://tsrtcfeedback.appspot.com/preAuth/sms/complaint?query=%3F&from=919959226020
http://tsrtcfeedback.appspot.com/preAuth/sms/complaint?query=%3F&from=917382843033
http://tsrtcfeedback.appspot.com/preAuth/sms/complaint?query=%3F&from=918317509087
http://tsrtcfeedback.appspot.com/preAuth/sms/complaint?query=%3F&from=917780716329
http://tsrtcfeedback.appspot.com/preAuth/sms/complaint?query=%3FJ.V.BABU%2CDM%2CTSRTC%2C+SATHUPALLY&from=919959225962
http://tsrtcfeedback.appspot.com/preAuth/sms/complaint?query=%3F&from=917013811955
http://tsrtcfeedback.appspot.com/preAuth/sms/complaint?query=%3F&from=919959225963
http://tsrtcfeedback.appspot.com/preAuth/sms/complaint?query=%3F&from=919704234693
http://tsrtcfeedback.appspot.com/preAuth/sms/complaint?query=%3F&from=918919947745
http://tsrtcfeedback.appspot.com/preAuth/sms/complaint?query=%3F&from=919959226016
http://tsrtcfeedback.appspot.com/preAuth/sms/complaint?query=%3F&from=919959226018
http://tsrtcfeedback.appspot.com/preAuth/sms/complaint?query=%3F&from=918074692282
http://tsrtcfeedback.appspot.com/preAuth/sms/complaint?query=%3F&from=917382840319
http://tsrtcfeedback.appspot.com/preAuth/sms/complaint?query=%3F&from=919959225959
http://tsrtcfeedback.appspot.com/preAuth/sms/complaint?query=%3F&from=918328572760
http://tsrtcfeedback.appspot.com/preAuth/sms/complaint?query=O2+28z1013++mncl++attend+immeadiatly&from=919959225998
http://tsrtcfeedback.appspot.com/preAuth/sms/complaint?query=%3F&from=919866299922
http://tsrtcfeedback.appspot.com/preAuth/sms/complaint?query=%3F&from=919959225962
http://tsrtcfeedback.appspot.com/preAuth/sms/complaint?query=2+11z+170&from=917382854968
http://tsrtcfeedback.appspot.com/preAuth/sms/complaint?query=%3F&from=919491531283
http://tsrtcfeedback.appspot.com/preAuth/sms/complaint?query=%3F&from=919959225118
http://tsrtcfeedback.appspot.com/preAuth/sms/complaint?query=1+28z0094+Kmm&from=919704234693
http://tsrtcfeedback.appspot.com/preAuth/sms/complaint?query=1+Ap29z187+KAMAREDDY&from=919959226018
http://tsrtcfeedback.appspot.com/preAuth/sms/complaint?query=%3F&from=918309333670
http://tsrtcfeedback.appspot.com/preAuth/sms/complaint?query=To&from=917013110176
http://tsrtcfeedback.appspot.com/preAuth/sms/complaint?query=02++ts10z7336&from=919959225959
http://tsrtcfeedback.appspot.com/preAuth/sms/complaint?query=4+AP25Z0100+BANSWADA&from=918328572760
http://tsrtcfeedback.appspot.com/preAuth/sms/complaint?query=1+TS20Z0087+Kmm&from=919704234693
http://tsrtcfeedback.appspot.com/preAuth/sms/complaint?query=4+AP25Z0100+NIZAMABAD&from=918328600771
http://tsrtcfeedback.appspot.com/preAuth/sms/complaint?query=1+TS20Z0087+Subedar&from=918885725422
http://tsrtcfeedback.appspot.com/preAuth/sms/complaint?query=1+Ap29z187+KAMAREDDY&from=919959226018
http://tsrtcfeedback.appspot.com/preAuth/sms/complaint?query=1+07Z0040+nzb&from=917013811955
http://tsrtcfeedback.appspot.com/preAuth/sms/complaint?query=2+TS+10z7685+subedar&from=918919947745
http://tsrtcfeedback.appspot.com/preAuth/sms/complaint?query=1+TS20Z0015+parkal&from=918074692282
http://tsrtcfeedback.appspot.com/preAuth/sms/complaint?query=1+TS+28Z+1013&from=919959225998
http://tsrtcfeedback.appspot.com/preAuth/sms/complaint?query=1+TS04Z0087+SUBEDAR&from=919966794237
http://tsrtcfeedback.appspot.com/preAuth/sms/complaint?query=2+TS20Z4680+Hyderabad&from=917780716329
http://tsrtcfeedback.appspot.com/preAuth/sms/complaint?query=2+TS16Z0110+JBS&from=917382845955
http://tsrtcfeedback.appspot.com/preAuth/sms/complaint?query=3+ap01z0040+nirmal&from=917382840319
http://tsrtcfeedback.appspot.com/preAuth/sms/complaint?query=1+AP07Z0040+nzb&from=917013811955
http://tsrtcfeedback.appspot.com/preAuth/sms/complaint?query=2+TS20Z0121+Hyderabad&from=917780716329
http://tsrtcfeedback.appspot.com/preAuth/sms/complaint?query=4&from=917013110176
http://tsrtcfeedback.appspot.com/preAuth/sms/complaint?query=1+TS02z0087+KAMAREDDY&from=919959226018
http://tsrtcfeedback.appspot.com/preAuth/sms/complaint?query=%3F&from=918919947745
http://tsrtcfeedback.appspot.com/preAuth/sms/complaint?query=1+TS20Z0087+WARANGAL&from=918328572760
http://tsrtcfeedback.appspot.com/preAuth/sms/complaint?query=3+TS20Z0115+HANMAKONDA&from=919491531283
http://tsrtcfeedback.appspot.com/preAuth/sms/complaint?query=1+TS21Z0199+SUBEDAR&from=919966794237
http://tsrtcfeedback.appspot.com/preAuth/sms/complaint?query=%3F&from=919959225954
http://tsrtcfeedback.appspot.com/preAuth/sms/complaint?query=4+TS20Z0087+NIZAMABAD&from=918328600771
http://tsrtcfeedback.appspot.com/preAuth/sms/complaint?query=2+TS29Z3346+warangal&from=919959226020
http://tsrtcfeedback.appspot.com/preAuth/sms/complaint?query=2+tso20z0015+nizamabad&from=919959226012
http://tsrtcfeedback.appspot.com/preAuth/sms/complaint?query=2+ap29Z0179+mosra&from=917382924748
http://tsrtcfeedback.appspot.com/preAuth/sms/complaint?query=3+TS21Z0199+Wgl&from=917382840319
http://tsrtcfeedback.appspot.com/preAuth/sms/complaint?query=2+TS2OZ0087+KTDM&from=919959225959
http://tsrtcfeedback.appspot.com/preAuth/sms/complaint?query=1+ts02z0115+warangal&from=917382847035
http://tsrtcfeedback.appspot.com/preAuth/sms/complaint?query=1&from=919989114011
http://tsrtcfeedback.appspot.com/preAuth/sms/complaint?query=2+TS20Z0096+WARANGAL&from=919440895769
http://tsrtcfeedback.appspot.com/preAuth/sms/complaint?query=1+TS20Z0087+SUBEDAR&from=919966794237
http://tsrtcfeedback.appspot.com/preAuth/sms/complaint?query=2+TS20Z0087+Warangal&from=917013755841
http://tsrtcfeedback.appspot.com/preAuth/sms/complaint?query=1+TS04Z0144+khammam&from=919959225962
http://tsrtcfeedback.appspot.com/preAuth/sms/complaint?query=%3F&from=918639519720
http://tsrtcfeedback.appspot.com/preAuth/sms/complaint?query=%3F&from=919959226012
http://tsrtcfeedback.appspot.com/preAuth/sms/complaint?query=Ts20z0115++khammam&from=917702399910
http://tsrtcfeedback.appspot.com/preAuth/sms/complaint?query=2+TS01+102+Karimnagar&from=917382847035
http://tsrtcfeedback.appspot.com/preAuth/sms/complaint?query=2+ts20z0116+kmm&from=919959225954
http://tsrtcfeedback.appspot.com/preAuth/sms/complaint?query=4+TS+20z0087+subedar&from=918919947745
http://tsrtcfeedback.appspot.com/preAuth/sms/complaint?query=1+TS+28Z+0116+hyd&from=919959225998
http://tsrtcfeedback.appspot.com/preAuth/sms/complaint?query=2+TS010108+Armoor&from=917382800975
http://tsrtcfeedback.appspot.com/preAuth/sms/complaint?query=1+TS+28Z+116&from=919959225998
http://tsrtcfeedback.appspot.com/preAuth/sms/complaint?query=1+AP07Z0040+NZB&from=917013811955
http://tsrtcfeedback.appspot.com/preAuth/sms/complaint?query=%3F&from=919959225958
http://tsrtcfeedback.appspot.com/preAuth/sms/complaint?query=1+Ts20z0115++khammam&from=917702399910
http://tsrtcfeedback.appspot.com/preAuth/sms/complaint?query=AM-TSRTCO&from=919032068334
http://tsrtcfeedback.appspot.com/preAuth/sms/complaint?query=229z3347surypeta&from=919032068334
http://tsrtcfeedback.appspot.com/preAuth/sms/complaint?query=%3F&from=919032068334
http://tsrtcfeedback.appspot.com/preAuth/sms/complaint?query=%3F&from=918247775880
http://tsrtcfeedback.appspot.com/preAuth/sms/complaint?query=%3F&from=919848718179
http://tsrtcfeedback.appspot.com/preAuth/sms/complaint?query=&from=919666852945
http://tsrtcfeedback.appspot.com/preAuth/sms/complaint?query=x&from=917382858568
http://tsrtcfeedback.appspot.com/preAuth/sms/complaint?query=%3F&from=919963663689
http://tsrtcfeedback.appspot.com/preAuth/sms/complaint?query=%3F&from=917382859545
http://tsrtcfeedback.appspot.com/preAuth/sms/complaint?query=%3F&from=919491531283
http://tsrtcfeedback.appspot.com/preAuth/sms/complaint?query=1+TS20Z0115+KHAMMAM&from=919491531283
http://tsrtcfeedback.appspot.com/preAuth/sms/complaint?query=%3F&from=918328572760
http://tsrtcfeedback.appspot.com/preAuth/sms/complaint?query=%3F&from=917981052761
http://tsrtcfeedback.appspot.com/preAuth/sms/complaint?query=%3F&from=917382858532
http://tsrtcfeedback.appspot.com/preAuth/sms/complaint?query=2+ts07z4008+24-03-17%2C14%3A30&from=919100033790
http://tsrtcfeedback.appspot.com/preAuth/sms/complaint?query=2+ts07z4008+24-03-17%2C14%3A30+25-03-17%2C15%3A00&from=919100033790
http://tsrtcfeedback.appspot.com/preAuth/sms/complaint?query=2+ts07z4008+busbhavan+incident+happened+on+24-03-17%2C15%3A00&from=919100033790
http://tsrtcfeedback.appspot.com/preAuth/sms/complaint?query=%3F&from=918074762393
http://tsrtcfeedback.appspot.com/preAuth/sms/complaint?query=%3F&from=917386775034
http://tsrtcfeedback.appspot.com/preAuth/sms/complaint?query=2+ts07z4008+panjagutta+4%3A00+pm&from=917386775034
http://tsrtcfeedback.appspot.com/preAuth/sms/complaint?query=%3F&from=918247775880
http://tsrtcfeedback.appspot.com/preAuth/sms/complaint?query=2+Ts11Z0846+falaknuma&from=917382822513
http://tsrtcfeedback.appspot.com/preAuth/sms/complaint?query=%3F&from=917382822513
