2017-09-02 05:13:09 Notice: Notice (8): Undefined index: Discussion in [/var/www/html/strikerapp/chat/app/Controller/MessagesController.php, line 193]
Trace:
MessagesController::read() - APP/Controller/MessagesController.php, line 193
ReflectionMethod::invokeArgs() - [internal], line ??
Controller::invokeAction() - CORE/Cake/Controller/Controller.php, line 490
Dispatcher::_invoke() - CORE/Cake/Routing/Dispatcher.php, line 187
Dispatcher::dispatch() - CORE/Cake/Routing/Dispatcher.php, line 162
[main] - APP/webroot/index.php, line 92

2017-09-02 05:13:12 Notice: Notice (8): Undefined index: Discussion in [/var/www/html/strikerapp/chat/app/Controller/MessagesController.php, line 193]
Trace:
MessagesController::read() - APP/Controller/MessagesController.php, line 193
ReflectionMethod::invokeArgs() - [internal], line ??
Controller::invokeAction() - CORE/Cake/Controller/Controller.php, line 490
Dispatcher::_invoke() - CORE/Cake/Routing/Dispatcher.php, line 187
Dispatcher::dispatch() - CORE/Cake/Routing/Dispatcher.php, line 162
[main] - APP/webroot/index.php, line 92

2017-09-02 05:13:16 Notice: Notice (8): Undefined index: Discussion in [/var/www/html/strikerapp/chat/app/Controller/MessagesController.php, line 193]
Trace:
MessagesController::read() - APP/Controller/MessagesController.php, line 193
ReflectionMethod::invokeArgs() - [internal], line ??
Controller::invokeAction() - CORE/Cake/Controller/Controller.php, line 490
Dispatcher::_invoke() - CORE/Cake/Routing/Dispatcher.php, line 187
Dispatcher::dispatch() - CORE/Cake/Routing/Dispatcher.php, line 162
[main] - APP/webroot/index.php, line 92

2017-09-02 05:13:19 Notice: Notice (8): Undefined index: Discussion in [/var/www/html/strikerapp/chat/app/Controller/MessagesController.php, line 193]
Trace:
MessagesController::read() - APP/Controller/MessagesController.php, line 193
ReflectionMethod::invokeArgs() - [internal], line ??
Controller::invokeAction() - CORE/Cake/Controller/Controller.php, line 490
Dispatcher::_invoke() - CORE/Cake/Routing/Dispatcher.php, line 187
Dispatcher::dispatch() - CORE/Cake/Routing/Dispatcher.php, line 162
[main] - APP/webroot/index.php, line 92

2017-09-02 05:13:23 Notice: Notice (8): Undefined index: Discussion in [/var/www/html/strikerapp/chat/app/Controller/MessagesController.php, line 193]
Trace:
MessagesController::read() - APP/Controller/MessagesController.php, line 193
ReflectionMethod::invokeArgs() - [internal], line ??
Controller::invokeAction() - CORE/Cake/Controller/Controller.php, line 490
Dispatcher::_invoke() - CORE/Cake/Routing/Dispatcher.php, line 187
Dispatcher::dispatch() - CORE/Cake/Routing/Dispatcher.php, line 162
[main] - APP/webroot/index.php, line 92

2017-09-02 05:13:26 Notice: Notice (8): Undefined index: Discussion in [/var/www/html/strikerapp/chat/app/Controller/MessagesController.php, line 193]
Trace:
MessagesController::read() - APP/Controller/MessagesController.php, line 193
ReflectionMethod::invokeArgs() - [internal], line ??
Controller::invokeAction() - CORE/Cake/Controller/Controller.php, line 490
Dispatcher::_invoke() - CORE/Cake/Routing/Dispatcher.php, line 187
Dispatcher::dispatch() - CORE/Cake/Routing/Dispatcher.php, line 162
[main] - APP/webroot/index.php, line 92

2017-09-02 05:13:30 Notice: Notice (8): Undefined index: Discussion in [/var/www/html/strikerapp/chat/app/Controller/MessagesController.php, line 193]
Trace:
MessagesController::read() - APP/Controller/MessagesController.php, line 193
ReflectionMethod::invokeArgs() - [internal], line ??
Controller::invokeAction() - CORE/Cake/Controller/Controller.php, line 490
Dispatcher::_invoke() - CORE/Cake/Routing/Dispatcher.php, line 187
Dispatcher::dispatch() - CORE/Cake/Routing/Dispatcher.php, line 162
[main] - APP/webroot/index.php, line 92

2017-09-02 05:13:34 Notice: Notice (8): Undefined index: Discussion in [/var/www/html/strikerapp/chat/app/Controller/MessagesController.php, line 193]
Trace:
MessagesController::read() - APP/Controller/MessagesController.php, line 193
ReflectionMethod::invokeArgs() - [internal], line ??
Controller::invokeAction() - CORE/Cake/Controller/Controller.php, line 490
Dispatcher::_invoke() - CORE/Cake/Routing/Dispatcher.php, line 187
Dispatcher::dispatch() - CORE/Cake/Routing/Dispatcher.php, line 162
[main] - APP/webroot/index.php, line 92

2017-09-02 05:13:37 Notice: Notice (8): Undefined index: Discussion in [/var/www/html/strikerapp/chat/app/Controller/MessagesController.php, line 193]
Trace:
MessagesController::read() - APP/Controller/MessagesController.php, line 193
ReflectionMethod::invokeArgs() - [internal], line ??
Controller::invokeAction() - CORE/Cake/Controller/Controller.php, line 490
Dispatcher::_invoke() - CORE/Cake/Routing/Dispatcher.php, line 187
Dispatcher::dispatch() - CORE/Cake/Routing/Dispatcher.php, line 162
[main] - APP/webroot/index.php, line 92

2017-09-02 05:13:41 Notice: Notice (8): Undefined index: Discussion in [/var/www/html/strikerapp/chat/app/Controller/MessagesController.php, line 193]
Trace:
MessagesController::read() - APP/Controller/MessagesController.php, line 193
ReflectionMethod::invokeArgs() - [internal], line ??
Controller::invokeAction() - CORE/Cake/Controller/Controller.php, line 490
Dispatcher::_invoke() - CORE/Cake/Routing/Dispatcher.php, line 187
Dispatcher::dispatch() - CORE/Cake/Routing/Dispatcher.php, line 162
[main] - APP/webroot/index.php, line 92

2017-09-02 05:13:45 Notice: Notice (8): Undefined index: Discussion in [/var/www/html/strikerapp/chat/app/Controller/MessagesController.php, line 193]
Trace:
MessagesController::read() - APP/Controller/MessagesController.php, line 193
ReflectionMethod::invokeArgs() - [internal], line ??
Controller::invokeAction() - CORE/Cake/Controller/Controller.php, line 490
Dispatcher::_invoke() - CORE/Cake/Routing/Dispatcher.php, line 187
Dispatcher::dispatch() - CORE/Cake/Routing/Dispatcher.php, line 162
[main] - APP/webroot/index.php, line 92

2017-09-02 05:13:50 Notice: Notice (8): Undefined index: Discussion in [/var/www/html/strikerapp/chat/app/Controller/MessagesController.php, line 193]
Trace:
MessagesController::read() - APP/Controller/MessagesController.php, line 193
ReflectionMethod::invokeArgs() - [internal], line ??
Controller::invokeAction() - CORE/Cake/Controller/Controller.php, line 490
Dispatcher::_invoke() - CORE/Cake/Routing/Dispatcher.php, line 187
Dispatcher::dispatch() - CORE/Cake/Routing/Dispatcher.php, line 162
[main] - APP/webroot/index.php, line 92

2017-09-02 05:13:54 Notice: Notice (8): Undefined index: Discussion in [/var/www/html/strikerapp/chat/app/Controller/MessagesController.php, line 193]
Trace:
MessagesController::read() - APP/Controller/MessagesController.php, line 193
ReflectionMethod::invokeArgs() - [internal], line ??
Controller::invokeAction() - CORE/Cake/Controller/Controller.php, line 490
Dispatcher::_invoke() - CORE/Cake/Routing/Dispatcher.php, line 187
Dispatcher::dispatch() - CORE/Cake/Routing/Dispatcher.php, line 162
[main] - APP/webroot/index.php, line 92

2017-09-02 05:13:58 Notice: Notice (8): Undefined index: Discussion in [/var/www/html/strikerapp/chat/app/Controller/MessagesController.php, line 193]
Trace:
MessagesController::read() - APP/Controller/MessagesController.php, line 193
ReflectionMethod::invokeArgs() - [internal], line ??
Controller::invokeAction() - CORE/Cake/Controller/Controller.php, line 490
Dispatcher::_invoke() - CORE/Cake/Routing/Dispatcher.php, line 187
Dispatcher::dispatch() - CORE/Cake/Routing/Dispatcher.php, line 162
[main] - APP/webroot/index.php, line 92

2017-09-02 05:14:03 Notice: Notice (8): Undefined index: Discussion in [/var/www/html/strikerapp/chat/app/Controller/MessagesController.php, line 193]
Trace:
MessagesController::read() - APP/Controller/MessagesController.php, line 193
ReflectionMethod::invokeArgs() - [internal], line ??
Controller::invokeAction() - CORE/Cake/Controller/Controller.php, line 490
Dispatcher::_invoke() - CORE/Cake/Routing/Dispatcher.php, line 187
Dispatcher::dispatch() - CORE/Cake/Routing/Dispatcher.php, line 162
[main] - APP/webroot/index.php, line 92

2017-09-02 05:14:08 Notice: Notice (8): Undefined index: Discussion in [/var/www/html/strikerapp/chat/app/Controller/MessagesController.php, line 193]
Trace:
MessagesController::read() - APP/Controller/MessagesController.php, line 193
ReflectionMethod::invokeArgs() - [internal], line ??
Controller::invokeAction() - CORE/Cake/Controller/Controller.php, line 490
Dispatcher::_invoke() - CORE/Cake/Routing/Dispatcher.php, line 187
Dispatcher::dispatch() - CORE/Cake/Routing/Dispatcher.php, line 162
[main] - APP/webroot/index.php, line 92

2017-09-02 05:14:13 Notice: Notice (8): Undefined index: Discussion in [/var/www/html/strikerapp/chat/app/Controller/MessagesController.php, line 193]
Trace:
MessagesController::read() - APP/Controller/MessagesController.php, line 193
ReflectionMethod::invokeArgs() - [internal], line ??
Controller::invokeAction() - CORE/Cake/Controller/Controller.php, line 490
Dispatcher::_invoke() - CORE/Cake/Routing/Dispatcher.php, line 187
Dispatcher::dispatch() - CORE/Cake/Routing/Dispatcher.php, line 162
[main] - APP/webroot/index.php, line 92

2017-09-02 05:14:17 Notice: Notice (8): Undefined index: Discussion in [/var/www/html/strikerapp/chat/app/Controller/MessagesController.php, line 193]
Trace:
MessagesController::read() - APP/Controller/MessagesController.php, line 193
ReflectionMethod::invokeArgs() - [internal], line ??
Controller::invokeAction() - CORE/Cake/Controller/Controller.php, line 490
Dispatcher::_invoke() - CORE/Cake/Routing/Dispatcher.php, line 187
Dispatcher::dispatch() - CORE/Cake/Routing/Dispatcher.php, line 162
[main] - APP/webroot/index.php, line 92

2017-09-02 05:14:22 Notice: Notice (8): Undefined index: Discussion in [/var/www/html/strikerapp/chat/app/Controller/MessagesController.php, line 193]
Trace:
MessagesController::read() - APP/Controller/MessagesController.php, line 193
ReflectionMethod::invokeArgs() - [internal], line ??
Controller::invokeAction() - CORE/Cake/Controller/Controller.php, line 490
Dispatcher::_invoke() - CORE/Cake/Routing/Dispatcher.php, line 187
Dispatcher::dispatch() - CORE/Cake/Routing/Dispatcher.php, line 162
[main] - APP/webroot/index.php, line 92

2017-09-02 05:14:27 Notice: Notice (8): Undefined index: Discussion in [/var/www/html/strikerapp/chat/app/Controller/MessagesController.php, line 193]
Trace:
MessagesController::read() - APP/Controller/MessagesController.php, line 193
ReflectionMethod::invokeArgs() - [internal], line ??
Controller::invokeAction() - CORE/Cake/Controller/Controller.php, line 490
Dispatcher::_invoke() - CORE/Cake/Routing/Dispatcher.php, line 187
Dispatcher::dispatch() - CORE/Cake/Routing/Dispatcher.php, line 162
[main] - APP/webroot/index.php, line 92

2017-09-02 05:14:32 Notice: Notice (8): Undefined index: Discussion in [/var/www/html/strikerapp/chat/app/Controller/MessagesController.php, line 193]
Trace:
MessagesController::read() - APP/Controller/MessagesController.php, line 193
ReflectionMethod::invokeArgs() - [internal], line ??
Controller::invokeAction() - CORE/Cake/Controller/Controller.php, line 490
Dispatcher::_invoke() - CORE/Cake/Routing/Dispatcher.php, line 187
Dispatcher::dispatch() - CORE/Cake/Routing/Dispatcher.php, line 162
[main] - APP/webroot/index.php, line 92

2017-09-02 05:14:37 Notice: Notice (8): Undefined index: Discussion in [/var/www/html/strikerapp/chat/app/Controller/MessagesController.php, line 193]
Trace:
MessagesController::read() - APP/Controller/MessagesController.php, line 193
ReflectionMethod::invokeArgs() - [internal], line ??
Controller::invokeAction() - CORE/Cake/Controller/Controller.php, line 490
Dispatcher::_invoke() - CORE/Cake/Routing/Dispatcher.php, line 187
Dispatcher::dispatch() - CORE/Cake/Routing/Dispatcher.php, line 162
[main] - APP/webroot/index.php, line 92

2017-09-02 05:14:43 Notice: Notice (8): Undefined index: Discussion in [/var/www/html/strikerapp/chat/app/Controller/MessagesController.php, line 193]
Trace:
MessagesController::read() - APP/Controller/MessagesController.php, line 193
ReflectionMethod::invokeArgs() - [internal], line ??
Controller::invokeAction() - CORE/Cake/Controller/Controller.php, line 490
Dispatcher::_invoke() - CORE/Cake/Routing/Dispatcher.php, line 187
Dispatcher::dispatch() - CORE/Cake/Routing/Dispatcher.php, line 162
[main] - APP/webroot/index.php, line 92

2017-09-02 05:14:48 Notice: Notice (8): Undefined index: Discussion in [/var/www/html/strikerapp/chat/app/Controller/MessagesController.php, line 193]
Trace:
MessagesController::read() - APP/Controller/MessagesController.php, line 193
ReflectionMethod::invokeArgs() - [internal], line ??
Controller::invokeAction() - CORE/Cake/Controller/Controller.php, line 490
Dispatcher::_invoke() - CORE/Cake/Routing/Dispatcher.php, line 187
Dispatcher::dispatch() - CORE/Cake/Routing/Dispatcher.php, line 162
[main] - APP/webroot/index.php, line 92

2017-09-02 05:14:53 Notice: Notice (8): Undefined index: Discussion in [/var/www/html/strikerapp/chat/app/Controller/MessagesController.php, line 193]
Trace:
MessagesController::read() - APP/Controller/MessagesController.php, line 193
ReflectionMethod::invokeArgs() - [internal], line ??
Controller::invokeAction() - CORE/Cake/Controller/Controller.php, line 490
Dispatcher::_invoke() - CORE/Cake/Routing/Dispatcher.php, line 187
Dispatcher::dispatch() - CORE/Cake/Routing/Dispatcher.php, line 162
[main] - APP/webroot/index.php, line 92

2017-09-02 05:14:59 Notice: Notice (8): Undefined index: Discussion in [/var/www/html/strikerapp/chat/app/Controller/MessagesController.php, line 193]
Trace:
MessagesController::read() - APP/Controller/MessagesController.php, line 193
ReflectionMethod::invokeArgs() - [internal], line ??
Controller::invokeAction() - CORE/Cake/Controller/Controller.php, line 490
Dispatcher::_invoke() - CORE/Cake/Routing/Dispatcher.php, line 187
Dispatcher::dispatch() - CORE/Cake/Routing/Dispatcher.php, line 162
[main] - APP/webroot/index.php, line 92

2017-09-02 05:15:05 Notice: Notice (8): Undefined index: Discussion in [/var/www/html/strikerapp/chat/app/Controller/MessagesController.php, line 193]
Trace:
MessagesController::read() - APP/Controller/MessagesController.php, line 193
ReflectionMethod::invokeArgs() - [internal], line ??
Controller::invokeAction() - CORE/Cake/Controller/Controller.php, line 490
Dispatcher::_invoke() - CORE/Cake/Routing/Dispatcher.php, line 187
Dispatcher::dispatch() - CORE/Cake/Routing/Dispatcher.php, line 162
[main] - APP/webroot/index.php, line 92

2017-09-02 05:15:10 Notice: Notice (8): Undefined index: Discussion in [/var/www/html/strikerapp/chat/app/Controller/MessagesController.php, line 193]
Trace:
MessagesController::read() - APP/Controller/MessagesController.php, line 193
ReflectionMethod::invokeArgs() - [internal], line ??
Controller::invokeAction() - CORE/Cake/Controller/Controller.php, line 490
Dispatcher::_invoke() - CORE/Cake/Routing/Dispatcher.php, line 187
Dispatcher::dispatch() - CORE/Cake/Routing/Dispatcher.php, line 162
[main] - APP/webroot/index.php, line 92

2017-09-02 05:15:16 Notice: Notice (8): Undefined index: Discussion in [/var/www/html/strikerapp/chat/app/Controller/MessagesController.php, line 193]
Trace:
MessagesController::read() - APP/Controller/MessagesController.php, line 193
ReflectionMethod::invokeArgs() - [internal], line ??
Controller::invokeAction() - CORE/Cake/Controller/Controller.php, line 490
Dispatcher::_invoke() - CORE/Cake/Routing/Dispatcher.php, line 187
Dispatcher::dispatch() - CORE/Cake/Routing/Dispatcher.php, line 162
[main] - APP/webroot/index.php, line 92

2017-09-02 05:15:22 Notice: Notice (8): Undefined index: Discussion in [/var/www/html/strikerapp/chat/app/Controller/MessagesController.php, line 193]
Trace:
MessagesController::read() - APP/Controller/MessagesController.php, line 193
ReflectionMethod::invokeArgs() - [internal], line ??
Controller::invokeAction() - CORE/Cake/Controller/Controller.php, line 490
Dispatcher::_invoke() - CORE/Cake/Routing/Dispatcher.php, line 187
Dispatcher::dispatch() - CORE/Cake/Routing/Dispatcher.php, line 162
[main] - APP/webroot/index.php, line 92

2017-09-02 05:15:28 Notice: Notice (8): Undefined index: Discussion in [/var/www/html/strikerapp/chat/app/Controller/MessagesController.php, line 193]
Trace:
MessagesController::read() - APP/Controller/MessagesController.php, line 193
ReflectionMethod::invokeArgs() - [internal], line ??
Controller::invokeAction() - CORE/Cake/Controller/Controller.php, line 490
Dispatcher::_invoke() - CORE/Cake/Routing/Dispatcher.php, line 187
Dispatcher::dispatch() - CORE/Cake/Routing/Dispatcher.php, line 162
[main] - APP/webroot/index.php, line 92

2017-09-02 05:15:34 Notice: Notice (8): Undefined index: Discussion in [/var/www/html/strikerapp/chat/app/Controller/MessagesController.php, line 193]
Trace:
MessagesController::read() - APP/Controller/MessagesController.php, line 193
ReflectionMethod::invokeArgs() - [internal], line ??
Controller::invokeAction() - CORE/Cake/Controller/Controller.php, line 490
Dispatcher::_invoke() - CORE/Cake/Routing/Dispatcher.php, line 187
Dispatcher::dispatch() - CORE/Cake/Routing/Dispatcher.php, line 162
[main] - APP/webroot/index.php, line 92

2017-09-02 05:15:41 Notice: Notice (8): Undefined index: Discussion in [/var/www/html/strikerapp/chat/app/Controller/MessagesController.php, line 193]
Trace:
MessagesController::read() - APP/Controller/MessagesController.php, line 193
ReflectionMethod::invokeArgs() - [internal], line ??
Controller::invokeAction() - CORE/Cake/Controller/Controller.php, line 490
Dispatcher::_invoke() - CORE/Cake/Routing/Dispatcher.php, line 187
Dispatcher::dispatch() - CORE/Cake/Routing/Dispatcher.php, line 162
[main] - APP/webroot/index.php, line 92

2017-09-02 05:15:47 Notice: Notice (8): Undefined index: Discussion in [/var/www/html/strikerapp/chat/app/Controller/MessagesController.php, line 193]
Trace:
MessagesController::read() - APP/Controller/MessagesController.php, line 193
ReflectionMethod::invokeArgs() - [internal], line ??
Controller::invokeAction() - CORE/Cake/Controller/Controller.php, line 490
Dispatcher::_invoke() - CORE/Cake/Routing/Dispatcher.php, line 187
Dispatcher::dispatch() - CORE/Cake/Routing/Dispatcher.php, line 162
[main] - APP/webroot/index.php, line 92

2017-09-02 05:15:54 Notice: Notice (8): Undefined index: Discussion in [/var/www/html/strikerapp/chat/app/Controller/MessagesController.php, line 193]
Trace:
MessagesController::read() - APP/Controller/MessagesController.php, line 193
ReflectionMethod::invokeArgs() - [internal], line ??
Controller::invokeAction() - CORE/Cake/Controller/Controller.php, line 490
Dispatcher::_invoke() - CORE/Cake/Routing/Dispatcher.php, line 187
Dispatcher::dispatch() - CORE/Cake/Routing/Dispatcher.php, line 162
[main] - APP/webroot/index.php, line 92

2017-09-02 05:16:00 Notice: Notice (8): Undefined index: Discussion in [/var/www/html/strikerapp/chat/app/Controller/MessagesController.php, line 193]
Trace:
MessagesController::read() - APP/Controller/MessagesController.php, line 193
ReflectionMethod::invokeArgs() - [internal], line ??
Controller::invokeAction() - CORE/Cake/Controller/Controller.php, line 490
Dispatcher::_invoke() - CORE/Cake/Routing/Dispatcher.php, line 187
Dispatcher::dispatch() - CORE/Cake/Routing/Dispatcher.php, line 162
[main] - APP/webroot/index.php, line 92

2017-09-02 05:16:07 Notice: Notice (8): Undefined index: Discussion in [/var/www/html/strikerapp/chat/app/Controller/MessagesController.php, line 193]
Trace:
MessagesController::read() - APP/Controller/MessagesController.php, line 193
ReflectionMethod::invokeArgs() - [internal], line ??
Controller::invokeAction() - CORE/Cake/Controller/Controller.php, line 490
Dispatcher::_invoke() - CORE/Cake/Routing/Dispatcher.php, line 187
Dispatcher::dispatch() - CORE/Cake/Routing/Dispatcher.php, line 162
[main] - APP/webroot/index.php, line 92

2017-09-02 05:16:14 Notice: Notice (8): Undefined index: Discussion in [/var/www/html/strikerapp/chat/app/Controller/MessagesController.php, line 193]
Trace:
MessagesController::read() - APP/Controller/MessagesController.php, line 193
ReflectionMethod::invokeArgs() - [internal], line ??
Controller::invokeAction() - CORE/Cake/Controller/Controller.php, line 490
Dispatcher::_invoke() - CORE/Cake/Routing/Dispatcher.php, line 187
Dispatcher::dispatch() - CORE/Cake/Routing/Dispatcher.php, line 162
[main] - APP/webroot/index.php, line 92

2017-09-02 05:16:20 Notice: Notice (8): Undefined index: Discussion in [/var/www/html/strikerapp/chat/app/Controller/MessagesController.php, line 193]
Trace:
MessagesController::read() - APP/Controller/MessagesController.php, line 193
ReflectionMethod::invokeArgs() - [internal], line ??
Controller::invokeAction() - CORE/Cake/Controller/Controller.php, line 490
Dispatcher::_invoke() - CORE/Cake/Routing/Dispatcher.php, line 187
Dispatcher::dispatch() - CORE/Cake/Routing/Dispatcher.php, line 162
[main] - APP/webroot/index.php, line 92

2017-09-02 05:16:27 Notice: Notice (8): Undefined index: Discussion in [/var/www/html/strikerapp/chat/app/Controller/MessagesController.php, line 193]
Trace:
MessagesController::read() - APP/Controller/MessagesController.php, line 193
ReflectionMethod::invokeArgs() - [internal], line ??
Controller::invokeAction() - CORE/Cake/Controller/Controller.php, line 490
Dispatcher::_invoke() - CORE/Cake/Routing/Dispatcher.php, line 187
Dispatcher::dispatch() - CORE/Cake/Routing/Dispatcher.php, line 162
[main] - APP/webroot/index.php, line 92

2017-09-02 05:16:34 Notice: Notice (8): Undefined index: Discussion in [/var/www/html/strikerapp/chat/app/Controller/MessagesController.php, line 193]
Trace:
MessagesController::read() - APP/Controller/MessagesController.php, line 193
ReflectionMethod::invokeArgs() - [internal], line ??
Controller::invokeAction() - CORE/Cake/Controller/Controller.php, line 490
Dispatcher::_invoke() - CORE/Cake/Routing/Dispatcher.php, line 187
Dispatcher::dispatch() - CORE/Cake/Routing/Dispatcher.php, line 162
[main] - APP/webroot/index.php, line 92

2017-09-02 05:16:42 Notice: Notice (8): Undefined index: Discussion in [/var/www/html/strikerapp/chat/app/Controller/MessagesController.php, line 193]
Trace:
MessagesController::read() - APP/Controller/MessagesController.php, line 193
ReflectionMethod::invokeArgs() - [internal], line ??
Controller::invokeAction() - CORE/Cake/Controller/Controller.php, line 490
Dispatcher::_invoke() - CORE/Cake/Routing/Dispatcher.php, line 187
Dispatcher::dispatch() - CORE/Cake/Routing/Dispatcher.php, line 162
[main] - APP/webroot/index.php, line 92

2017-09-02 05:16:49 Notice: Notice (8): Undefined index: Discussion in [/var/www/html/strikerapp/chat/app/Controller/MessagesController.php, line 193]
Trace:
MessagesController::read() - APP/Controller/MessagesController.php, line 193
ReflectionMethod::invokeArgs() - [internal], line ??
Controller::invokeAction() - CORE/Cake/Controller/Controller.php, line 490
Dispatcher::_invoke() - CORE/Cake/Routing/Dispatcher.php, line 187
Dispatcher::dispatch() - CORE/Cake/Routing/Dispatcher.php, line 162
[main] - APP/webroot/index.php, line 92

2017-09-02 05:16:56 Notice: Notice (8): Undefined index: Discussion in [/var/www/html/strikerapp/chat/app/Controller/MessagesController.php, line 193]
Trace:
MessagesController::read() - APP/Controller/MessagesController.php, line 193
ReflectionMethod::invokeArgs() - [internal], line ??
Controller::invokeAction() - CORE/Cake/Controller/Controller.php, line 490
Dispatcher::_invoke() - CORE/Cake/Routing/Dispatcher.php, line 187
Dispatcher::dispatch() - CORE/Cake/Routing/Dispatcher.php, line 162
[main] - APP/webroot/index.php, line 92

2017-09-02 05:17:04 Notice: Notice (8): Undefined index: Discussion in [/var/www/html/strikerapp/chat/app/Controller/MessagesController.php, line 193]
Trace:
MessagesController::read() - APP/Controller/MessagesController.php, line 193
ReflectionMethod::invokeArgs() - [internal], line ??
Controller::invokeAction() - CORE/Cake/Controller/Controller.php, line 490
Dispatcher::_invoke() - CORE/Cake/Routing/Dispatcher.php, line 187
Dispatcher::dispatch() - CORE/Cake/Routing/Dispatcher.php, line 162
[main] - APP/webroot/index.php, line 92

2017-09-02 05:17:11 Notice: Notice (8): Undefined index: Discussion in [/var/www/html/strikerapp/chat/app/Controller/MessagesController.php, line 193]
Trace:
MessagesController::read() - APP/Controller/MessagesController.php, line 193
ReflectionMethod::invokeArgs() - [internal], line ??
Controller::invokeAction() - CORE/Cake/Controller/Controller.php, line 490
Dispatcher::_invoke() - CORE/Cake/Routing/Dispatcher.php, line 187
Dispatcher::dispatch() - CORE/Cake/Routing/Dispatcher.php, line 162
[main] - APP/webroot/index.php, line 92

2017-09-02 05:17:19 Notice: Notice (8): Undefined index: Discussion in [/var/www/html/strikerapp/chat/app/Controller/MessagesController.php, line 193]
Trace:
MessagesController::read() - APP/Controller/MessagesController.php, line 193
ReflectionMethod::invokeArgs() - [internal], line ??
Controller::invokeAction() - CORE/Cake/Controller/Controller.php, line 490
Dispatcher::_invoke() - CORE/Cake/Routing/Dispatcher.php, line 187
Dispatcher::dispatch() - CORE/Cake/Routing/Dispatcher.php, line 162
[main] - APP/webroot/index.php, line 92

2017-09-02 05:17:27 Notice: Notice (8): Undefined index: Discussion in [/var/www/html/strikerapp/chat/app/Controller/MessagesController.php, line 193]
Trace:
MessagesController::read() - APP/Controller/MessagesController.php, line 193
ReflectionMethod::invokeArgs() - [internal], line ??
Controller::invokeAction() - CORE/Cake/Controller/Controller.php, line 490
Dispatcher::_invoke() - CORE/Cake/Routing/Dispatcher.php, line 187
Dispatcher::dispatch() - CORE/Cake/Routing/Dispatcher.php, line 162
[main] - APP/webroot/index.php, line 92

2017-09-02 05:17:35 Notice: Notice (8): Undefined index: Discussion in [/var/www/html/strikerapp/chat/app/Controller/MessagesController.php, line 193]
Trace:
MessagesController::read() - APP/Controller/MessagesController.php, line 193
ReflectionMethod::invokeArgs() - [internal], line ??
Controller::invokeAction() - CORE/Cake/Controller/Controller.php, line 490
Dispatcher::_invoke() - CORE/Cake/Routing/Dispatcher.php, line 187
Dispatcher::dispatch() - CORE/Cake/Routing/Dispatcher.php, line 162
[main] - APP/webroot/index.php, line 92

2017-09-02 05:17:43 Notice: Notice (8): Undefined index: Discussion in [/var/www/html/strikerapp/chat/app/Controller/MessagesController.php, line 193]
Trace:
MessagesController::read() - APP/Controller/MessagesController.php, line 193
ReflectionMethod::invokeArgs() - [internal], line ??
Controller::invokeAction() - CORE/Cake/Controller/Controller.php, line 490
Dispatcher::_invoke() - CORE/Cake/Routing/Dispatcher.php, line 187
Dispatcher::dispatch() - CORE/Cake/Routing/Dispatcher.php, line 162
[main] - APP/webroot/index.php, line 92

2017-09-02 05:17:51 Notice: Notice (8): Undefined index: Discussion in [/var/www/html/strikerapp/chat/app/Controller/MessagesController.php, line 193]
Trace:
MessagesController::read() - APP/Controller/MessagesController.php, line 193
ReflectionMethod::invokeArgs() - [internal], line ??
Controller::invokeAction() - CORE/Cake/Controller/Controller.php, line 490
Dispatcher::_invoke() - CORE/Cake/Routing/Dispatcher.php, line 187
Dispatcher::dispatch() - CORE/Cake/Routing/Dispatcher.php, line 162
[main] - APP/webroot/index.php, line 92

2017-09-02 05:17:59 Notice: Notice (8): Undefined index: Discussion in [/var/www/html/strikerapp/chat/app/Controller/MessagesController.php, line 193]
Trace:
MessagesController::read() - APP/Controller/MessagesController.php, line 193
ReflectionMethod::invokeArgs() - [internal], line ??
Controller::invokeAction() - CORE/Cake/Controller/Controller.php, line 490
Dispatcher::_invoke() - CORE/Cake/Routing/Dispatcher.php, line 187
Dispatcher::dispatch() - CORE/Cake/Routing/Dispatcher.php, line 162
[main] - APP/webroot/index.php, line 92

2017-09-02 05:18:07 Notice: Notice (8): Undefined index: Discussion in [/var/www/html/strikerapp/chat/app/Controller/MessagesController.php, line 193]
Trace:
MessagesController::read() - APP/Controller/MessagesController.php, line 193
ReflectionMethod::invokeArgs() - [internal], line ??
Controller::invokeAction() - CORE/Cake/Controller/Controller.php, line 490
Dispatcher::_invoke() - CORE/Cake/Routing/Dispatcher.php, line 187
Dispatcher::dispatch() - CORE/Cake/Routing/Dispatcher.php, line 162
[main] - APP/webroot/index.php, line 92

2017-09-02 05:18:16 Notice: Notice (8): Undefined index: Discussion in [/var/www/html/strikerapp/chat/app/Controller/MessagesController.php, line 193]
Trace:
MessagesController::read() - APP/Controller/MessagesController.php, line 193
ReflectionMethod::invokeArgs() - [internal], line ??
Controller::invokeAction() - CORE/Cake/Controller/Controller.php, line 490
Dispatcher::_invoke() - CORE/Cake/Routing/Dispatcher.php, line 187
Dispatcher::dispatch() - CORE/Cake/Routing/Dispatcher.php, line 162
[main] - APP/webroot/index.php, line 92

2017-09-02 05:18:24 Notice: Notice (8): Undefined index: Discussion in [/var/www/html/strikerapp/chat/app/Controller/MessagesController.php, line 193]
Trace:
MessagesController::read() - APP/Controller/MessagesController.php, line 193
ReflectionMethod::invokeArgs() - [internal], line ??
Controller::invokeAction() - CORE/Cake/Controller/Controller.php, line 490
Dispatcher::_invoke() - CORE/Cake/Routing/Dispatcher.php, line 187
Dispatcher::dispatch() - CORE/Cake/Routing/Dispatcher.php, line 162
[main] - APP/webroot/index.php, line 92

2017-09-02 05:18:33 Notice: Notice (8): Undefined index: Discussion in [/var/www/html/strikerapp/chat/app/Controller/MessagesController.php, line 193]
Trace:
MessagesController::read() - APP/Controller/MessagesController.php, line 193
ReflectionMethod::invokeArgs() - [internal], line ??
Controller::invokeAction() - CORE/Cake/Controller/Controller.php, line 490
Dispatcher::_invoke() - CORE/Cake/Routing/Dispatcher.php, line 187
Dispatcher::dispatch() - CORE/Cake/Routing/Dispatcher.php, line 162
[main] - APP/webroot/index.php, line 92

2017-09-02 05:18:41 Notice: Notice (8): Undefined index: Discussion in [/var/www/html/strikerapp/chat/app/Controller/MessagesController.php, line 193]
Trace:
MessagesController::read() - APP/Controller/MessagesController.php, line 193
ReflectionMethod::invokeArgs() - [internal], line ??
Controller::invokeAction() - CORE/Cake/Controller/Controller.php, line 490
Dispatcher::_invoke() - CORE/Cake/Routing/Dispatcher.php, line 187
Dispatcher::dispatch() - CORE/Cake/Routing/Dispatcher.php, line 162
[main] - APP/webroot/index.php, line 92

2017-09-02 05:18:50 Notice: Notice (8): Undefined index: Discussion in [/var/www/html/strikerapp/chat/app/Controller/MessagesController.php, line 193]
Trace:
MessagesController::read() - APP/Controller/MessagesController.php, line 193
ReflectionMethod::invokeArgs() - [internal], line ??
Controller::invokeAction() - CORE/Cake/Controller/Controller.php, line 490
Dispatcher::_invoke() - CORE/Cake/Routing/Dispatcher.php, line 187
Dispatcher::dispatch() - CORE/Cake/Routing/Dispatcher.php, line 162
[main] - APP/webroot/index.php, line 92

2017-09-02 05:18:59 Notice: Notice (8): Undefined index: Discussion in [/var/www/html/strikerapp/chat/app/Controller/MessagesController.php, line 193]
Trace:
MessagesController::read() - APP/Controller/MessagesController.php, line 193
ReflectionMethod::invokeArgs() - [internal], line ??
Controller::invokeAction() - CORE/Cake/Controller/Controller.php, line 490
Dispatcher::_invoke() - CORE/Cake/Routing/Dispatcher.php, line 187
Dispatcher::dispatch() - CORE/Cake/Routing/Dispatcher.php, line 162
[main] - APP/webroot/index.php, line 92

2017-09-02 05:19:08 Notice: Notice (8): Undefined index: Discussion in [/var/www/html/strikerapp/chat/app/Controller/MessagesController.php, line 193]
Trace:
MessagesController::read() - APP/Controller/MessagesController.php, line 193
ReflectionMethod::invokeArgs() - [internal], line ??
Controller::invokeAction() - CORE/Cake/Controller/Controller.php, line 490
Dispatcher::_invoke() - CORE/Cake/Routing/Dispatcher.php, line 187
Dispatcher::dispatch() - CORE/Cake/Routing/Dispatcher.php, line 162
[main] - APP/webroot/index.php, line 92

2017-09-02 05:19:17 Notice: Notice (8): Undefined index: Discussion in [/var/www/html/strikerapp/chat/app/Controller/MessagesController.php, line 193]
Trace:
MessagesController::read() - APP/Controller/MessagesController.php, line 193
ReflectionMethod::invokeArgs() - [internal], line ??
Controller::invokeAction() - CORE/Cake/Controller/Controller.php, line 490
Dispatcher::_invoke() - CORE/Cake/Routing/Dispatcher.php, line 187
Dispatcher::dispatch() - CORE/Cake/Routing/Dispatcher.php, line 162
[main] - APP/webroot/index.php, line 92

2017-09-02 05:19:26 Notice: Notice (8): Undefined index: Discussion in [/var/www/html/strikerapp/chat/app/Controller/MessagesController.php, line 193]
Trace:
MessagesController::read() - APP/Controller/MessagesController.php, line 193
ReflectionMethod::invokeArgs() - [internal], line ??
Controller::invokeAction() - CORE/Cake/Controller/Controller.php, line 490
Dispatcher::_invoke() - CORE/Cake/Routing/Dispatcher.php, line 187
Dispatcher::dispatch() - CORE/Cake/Routing/Dispatcher.php, line 162
[main] - APP/webroot/index.php, line 92

2017-09-02 05:19:35 Notice: Notice (8): Undefined index: Discussion in [/var/www/html/strikerapp/chat/app/Controller/MessagesController.php, line 193]
Trace:
MessagesController::read() - APP/Controller/MessagesController.php, line 193
ReflectionMethod::invokeArgs() - [internal], line ??
Controller::invokeAction() - CORE/Cake/Controller/Controller.php, line 490
Dispatcher::_invoke() - CORE/Cake/Routing/Dispatcher.php, line 187
Dispatcher::dispatch() - CORE/Cake/Routing/Dispatcher.php, line 162
[main] - APP/webroot/index.php, line 92

2017-09-02 05:19:45 Notice: Notice (8): Undefined index: Discussion in [/var/www/html/strikerapp/chat/app/Controller/MessagesController.php, line 193]
Trace:
MessagesController::read() - APP/Controller/MessagesController.php, line 193
ReflectionMethod::invokeArgs() - [internal], line ??
Controller::invokeAction() - CORE/Cake/Controller/Controller.php, line 490
Dispatcher::_invoke() - CORE/Cake/Routing/Dispatcher.php, line 187
Dispatcher::dispatch() - CORE/Cake/Routing/Dispatcher.php, line 162
[main] - APP/webroot/index.php, line 92

2017-09-02 05:19:54 Notice: Notice (8): Undefined index: Discussion in [/var/www/html/strikerapp/chat/app/Controller/MessagesController.php, line 193]
Trace:
MessagesController::read() - APP/Controller/MessagesController.php, line 193
ReflectionMethod::invokeArgs() - [internal], line ??
Controller::invokeAction() - CORE/Cake/Controller/Controller.php, line 490
Dispatcher::_invoke() - CORE/Cake/Routing/Dispatcher.php, line 187
Dispatcher::dispatch() - CORE/Cake/Routing/Dispatcher.php, line 162
[main] - APP/webroot/index.php, line 92

2017-09-02 05:20:04 Notice: Notice (8): Undefined index: Discussion in [/var/www/html/strikerapp/chat/app/Controller/MessagesController.php, line 193]
Trace:
MessagesController::read() - APP/Controller/MessagesController.php, line 193
ReflectionMethod::invokeArgs() - [internal], line ??
Controller::invokeAction() - CORE/Cake/Controller/Controller.php, line 490
Dispatcher::_invoke() - CORE/Cake/Routing/Dispatcher.php, line 187
Dispatcher::dispatch() - CORE/Cake/Routing/Dispatcher.php, line 162
[main] - APP/webroot/index.php, line 92

2017-09-02 05:20:13 Notice: Notice (8): Undefined index: Discussion in [/var/www/html/strikerapp/chat/app/Controller/MessagesController.php, line 193]
Trace:
MessagesController::read() - APP/Controller/MessagesController.php, line 193
ReflectionMethod::invokeArgs() - [internal], line ??
Controller::invokeAction() - CORE/Cake/Controller/Controller.php, line 490
Dispatcher::_invoke() - CORE/Cake/Routing/Dispatcher.php, line 187
Dispatcher::dispatch() - CORE/Cake/Routing/Dispatcher.php, line 162
[main] - APP/webroot/index.php, line 92

2017-09-02 05:20:23 Notice: Notice (8): Undefined index: Discussion in [/var/www/html/strikerapp/chat/app/Controller/MessagesController.php, line 193]
Trace:
MessagesController::read() - APP/Controller/MessagesController.php, line 193
ReflectionMethod::invokeArgs() - [internal], line ??
Controller::invokeAction() - CORE/Cake/Controller/Controller.php, line 490
Dispatcher::_invoke() - CORE/Cake/Routing/Dispatcher.php, line 187
Dispatcher::dispatch() - CORE/Cake/Routing/Dispatcher.php, line 162
[main] - APP/webroot/index.php, line 92

2017-09-02 05:20:33 Notice: Notice (8): Undefined index: Discussion in [/var/www/html/strikerapp/chat/app/Controller/MessagesController.php, line 193]
Trace:
MessagesController::read() - APP/Controller/MessagesController.php, line 193
ReflectionMethod::invokeArgs() - [internal], line ??
Controller::invokeAction() - CORE/Cake/Controller/Controller.php, line 490
Dispatcher::_invoke() - CORE/Cake/Routing/Dispatcher.php, line 187
Dispatcher::dispatch() - CORE/Cake/Routing/Dispatcher.php, line 162
[main] - APP/webroot/index.php, line 92

2017-09-02 05:20:43 Notice: Notice (8): Undefined index: Discussion in [/var/www/html/strikerapp/chat/app/Controller/MessagesController.php, line 193]
Trace:
MessagesController::read() - APP/Controller/MessagesController.php, line 193
ReflectionMethod::invokeArgs() - [internal], line ??
Controller::invokeAction() - CORE/Cake/Controller/Controller.php, line 490
Dispatcher::_invoke() - CORE/Cake/Routing/Dispatcher.php, line 187
Dispatcher::dispatch() - CORE/Cake/Routing/Dispatcher.php, line 162
[main] - APP/webroot/index.php, line 92

2017-09-02 05:20:53 Notice: Notice (8): Undefined index: Discussion in [/var/www/html/strikerapp/chat/app/Controller/MessagesController.php, line 193]
Trace:
MessagesController::read() - APP/Controller/MessagesController.php, line 193
ReflectionMethod::invokeArgs() - [internal], line ??
Controller::invokeAction() - CORE/Cake/Controller/Controller.php, line 490
Dispatcher::_invoke() - CORE/Cake/Routing/Dispatcher.php, line 187
Dispatcher::dispatch() - CORE/Cake/Routing/Dispatcher.php, line 162
[main] - APP/webroot/index.php, line 92

2017-09-02 05:21:03 Notice: Notice (8): Undefined index: Discussion in [/var/www/html/strikerapp/chat/app/Controller/MessagesController.php, line 193]
Trace:
MessagesController::read() - APP/Controller/MessagesController.php, line 193
ReflectionMethod::invokeArgs() - [internal], line ??
Controller::invokeAction() - CORE/Cake/Controller/Controller.php, line 490
Dispatcher::_invoke() - CORE/Cake/Routing/Dispatcher.php, line 187
Dispatcher::dispatch() - CORE/Cake/Routing/Dispatcher.php, line 162
[main] - APP/webroot/index.php, line 92

2017-09-02 05:21:13 Notice: Notice (8): Undefined index: Discussion in [/var/www/html/strikerapp/chat/app/Controller/MessagesController.php, line 193]
Trace:
MessagesController::read() - APP/Controller/MessagesController.php, line 193
ReflectionMethod::invokeArgs() - [internal], line ??
Controller::invokeAction() - CORE/Cake/Controller/Controller.php, line 490
Dispatcher::_invoke() - CORE/Cake/Routing/Dispatcher.php, line 187
Dispatcher::dispatch() - CORE/Cake/Routing/Dispatcher.php, line 162
[main] - APP/webroot/index.php, line 92

2017-09-02 05:21:24 Notice: Notice (8): Undefined index: Discussion in [/var/www/html/strikerapp/chat/app/Controller/MessagesController.php, line 193]
Trace:
MessagesController::read() - APP/Controller/MessagesController.php, line 193
ReflectionMethod::invokeArgs() - [internal], line ??
Controller::invokeAction() - CORE/Cake/Controller/Controller.php, line 490
Dispatcher::_invoke() - CORE/Cake/Routing/Dispatcher.php, line 187
Dispatcher::dispatch() - CORE/Cake/Routing/Dispatcher.php, line 162
[main] - APP/webroot/index.php, line 92

2017-09-02 05:21:34 Notice: Notice (8): Undefined index: Discussion in [/var/www/html/strikerapp/chat/app/Controller/MessagesController.php, line 193]
Trace:
MessagesController::read() - APP/Controller/MessagesController.php, line 193
ReflectionMethod::invokeArgs() - [internal], line ??
Controller::invokeAction() - CORE/Cake/Controller/Controller.php, line 490
Dispatcher::_invoke() - CORE/Cake/Routing/Dispatcher.php, line 187
Dispatcher::dispatch() - CORE/Cake/Routing/Dispatcher.php, line 162
[main] - APP/webroot/index.php, line 92

2017-09-02 05:21:44 Notice: Notice (8): Undefined index: Discussion in [/var/www/html/strikerapp/chat/app/Controller/MessagesController.php, line 193]
Trace:
MessagesController::read() - APP/Controller/MessagesController.php, line 193
ReflectionMethod::invokeArgs() - [internal], line ??
Controller::invokeAction() - CORE/Cake/Controller/Controller.php, line 490
Dispatcher::_invoke() - CORE/Cake/Routing/Dispatcher.php, line 187
Dispatcher::dispatch() - CORE/Cake/Routing/Dispatcher.php, line 162
[main] - APP/webroot/index.php, line 92

2017-09-02 05:21:54 Notice: Notice (8): Undefined index: Discussion in [/var/www/html/strikerapp/chat/app/Controller/MessagesController.php, line 193]
Trace:
MessagesController::read() - APP/Controller/MessagesController.php, line 193
ReflectionMethod::invokeArgs() - [internal], line ??
Controller::invokeAction() - CORE/Cake/Controller/Controller.php, line 490
Dispatcher::_invoke() - CORE/Cake/Routing/Dispatcher.php, line 187
Dispatcher::dispatch() - CORE/Cake/Routing/Dispatcher.php, line 162
[main] - APP/webroot/index.php, line 92

2017-09-02 05:22:04 Notice: Notice (8): Undefined index: Discussion in [/var/www/html/strikerapp/chat/app/Controller/MessagesController.php, line 193]
Trace:
MessagesController::read() - APP/Controller/MessagesController.php, line 193
ReflectionMethod::invokeArgs() - [internal], line ??
Controller::invokeAction() - CORE/Cake/Controller/Controller.php, line 490
Dispatcher::_invoke() - CORE/Cake/Routing/Dispatcher.php, line 187
Dispatcher::dispatch() - CORE/Cake/Routing/Dispatcher.php, line 162
[main] - APP/webroot/index.php, line 92

2017-09-02 05:22:15 Notice: Notice (8): Undefined index: Discussion in [/var/www/html/strikerapp/chat/app/Controller/MessagesController.php, line 193]
Trace:
MessagesController::read() - APP/Controller/MessagesController.php, line 193
ReflectionMethod::invokeArgs() - [internal], line ??
Controller::invokeAction() - CORE/Cake/Controller/Controller.php, line 490
Dispatcher::_invoke() - CORE/Cake/Routing/Dispatcher.php, line 187
Dispatcher::dispatch() - CORE/Cake/Routing/Dispatcher.php, line 162
[main] - APP/webroot/index.php, line 92

2017-09-02 05:22:25 Notice: Notice (8): Undefined index: Discussion in [/var/www/html/strikerapp/chat/app/Controller/MessagesController.php, line 193]
Trace:
MessagesController::read() - APP/Controller/MessagesController.php, line 193
ReflectionMethod::invokeArgs() - [internal], line ??
Controller::invokeAction() - CORE/Cake/Controller/Controller.php, line 490
Dispatcher::_invoke() - CORE/Cake/Routing/Dispatcher.php, line 187
Dispatcher::dispatch() - CORE/Cake/Routing/Dispatcher.php, line 162
[main] - APP/webroot/index.php, line 92

2017-09-02 05:22:35 Notice: Notice (8): Undefined index: Discussion in [/var/www/html/strikerapp/chat/app/Controller/MessagesController.php, line 193]
Trace:
MessagesController::read() - APP/Controller/MessagesController.php, line 193
ReflectionMethod::invokeArgs() - [internal], line ??
Controller::invokeAction() - CORE/Cake/Controller/Controller.php, line 490
Dispatcher::_invoke() - CORE/Cake/Routing/Dispatcher.php, line 187
Dispatcher::dispatch() - CORE/Cake/Routing/Dispatcher.php, line 162
[main] - APP/webroot/index.php, line 92

2017-09-02 05:22:45 Notice: Notice (8): Undefined index: Discussion in [/var/www/html/strikerapp/chat/app/Controller/MessagesController.php, line 193]
Trace:
MessagesController::read() - APP/Controller/MessagesController.php, line 193
ReflectionMethod::invokeArgs() - [internal], line ??
Controller::invokeAction() - CORE/Cake/Controller/Controller.php, line 490
Dispatcher::_invoke() - CORE/Cake/Routing/Dispatcher.php, line 187
Dispatcher::dispatch() - CORE/Cake/Routing/Dispatcher.php, line 162
[main] - APP/webroot/index.php, line 92

2017-09-02 05:22:56 Notice: Notice (8): Undefined index: Discussion in [/var/www/html/strikerapp/chat/app/Controller/MessagesController.php, line 193]
Trace:
MessagesController::read() - APP/Controller/MessagesController.php, line 193
ReflectionMethod::invokeArgs() - [internal], line ??
Controller::invokeAction() - CORE/Cake/Controller/Controller.php, line 490
Dispatcher::_invoke() - CORE/Cake/Routing/Dispatcher.php, line 187
Dispatcher::dispatch() - CORE/Cake/Routing/Dispatcher.php, line 162
[main] - APP/webroot/index.php, line 92

2017-09-02 05:23:06 Notice: Notice (8): Undefined index: Discussion in [/var/www/html/strikerapp/chat/app/Controller/MessagesController.php, line 193]
Trace:
MessagesController::read() - APP/Controller/MessagesController.php, line 193
ReflectionMethod::invokeArgs() - [internal], line ??
Controller::invokeAction() - CORE/Cake/Controller/Controller.php, line 490
Dispatcher::_invoke() - CORE/Cake/Routing/Dispatcher.php, line 187
Dispatcher::dispatch() - CORE/Cake/Routing/Dispatcher.php, line 162
[main] - APP/webroot/index.php, line 92

2017-09-02 05:23:16 Notice: Notice (8): Undefined index: Discussion in [/var/www/html/strikerapp/chat/app/Controller/MessagesController.php, line 193]
Trace:
MessagesController::read() - APP/Controller/MessagesController.php, line 193
ReflectionMethod::invokeArgs() - [internal], line ??
Controller::invokeAction() - CORE/Cake/Controller/Controller.php, line 490
Dispatcher::_invoke() - CORE/Cake/Routing/Dispatcher.php, line 187
Dispatcher::dispatch() - CORE/Cake/Routing/Dispatcher.php, line 162
[main] - APP/webroot/index.php, line 92

2017-09-02 05:23:26 Notice: Notice (8): Undefined index: Discussion in [/var/www/html/strikerapp/chat/app/Controller/MessagesController.php, line 193]
Trace:
MessagesController::read() - APP/Controller/MessagesController.php, line 193
ReflectionMethod::invokeArgs() - [internal], line ??
Controller::invokeAction() - CORE/Cake/Controller/Controller.php, line 490
Dispatcher::_invoke() - CORE/Cake/Routing/Dispatcher.php, line 187
Dispatcher::dispatch() - CORE/Cake/Routing/Dispatcher.php, line 162
[main] - APP/webroot/index.php, line 92

2017-09-02 05:23:36 Notice: Notice (8): Undefined index: Discussion in [/var/www/html/strikerapp/chat/app/Controller/MessagesController.php, line 193]
Trace:
MessagesController::read() - APP/Controller/MessagesController.php, line 193
ReflectionMethod::invokeArgs() - [internal], line ??
Controller::invokeAction() - CORE/Cake/Controller/Controller.php, line 490
Dispatcher::_invoke() - CORE/Cake/Routing/Dispatcher.php, line 187
Dispatcher::dispatch() - CORE/Cake/Routing/Dispatcher.php, line 162
[main] - APP/webroot/index.php, line 92

2017-09-02 05:23:47 Notice: Notice (8): Undefined index: Discussion in [/var/www/html/strikerapp/chat/app/Controller/MessagesController.php, line 193]
Trace:
MessagesController::read() - APP/Controller/MessagesController.php, line 193
ReflectionMethod::invokeArgs() - [internal], line ??
Controller::invokeAction() - CORE/Cake/Controller/Controller.php, line 490
Dispatcher::_invoke() - CORE/Cake/Routing/Dispatcher.php, line 187
Dispatcher::dispatch() - CORE/Cake/Routing/Dispatcher.php, line 162
[main] - APP/webroot/index.php, line 92

