{"sender":"918886638811","dest":"8367000030","smsinfo":"","body":"Long code","senttime":"15\/07\/17 01:14:30 PM"}
{"sender":"918886638811","dest":"8367000030","smsinfo":"","body":"Long code test","senttime":"15\/07\/17 01:18:48 PM"}
{"sender":"919133555550","dest":"8886638800","smsinfo":"","body":"Test sms","senttime":"15\/07\/17 01:19:39 PM"}
1
{"sender":"918886638811","dest":"8367000030","smsinfo":"","body":"Longcode","senttime":"15\/07\/17 01:25:49 PM"}
{"dest":"8367000030","sender":"918886638811","body":"5181","senttime":"2017-07-15"}
{"dest":"8367000030","sender":"918886638811","body":"5181","senttime":"2017-07-15"}
{"sender":"918886638811","dest":"8367000030","smsinfo":"","body":"Test test","senttime":"15\/07\/17 01:38:51 PM"}
{"dest":"8367000030","sender":"918886638811","body":"5181","senttime":"2017-07-15"}
{"dest":"8367000030","sender":"918886638811","body":"5181","senttime":"2017-07-15"}
{"dest":"8367000030","sender":"918886638811","body":"5181","senttime":"2017-07-15"}
{"dest":"8367000030","sender":"918886638811","body":"5181","senttime":"2017-07-15"}
{"dest":"8367000030","sender":"918886638811","body":"5181","senttime":"2017-07-15"}
{"sender":"918886638811","dest":"8367000020","smsinfo":"","body":"Test","senttime":"15\/07\/17 01:46:42 PM"}
{"sender":"918886638811","dest":"8367000030","smsinfo":"","body":"Testtest","senttime":"15\/07\/17 01:46:56 PM"}
{"dest":"8367000030","sender":"918886638811","body":"5181","senttime":"2017-07-15"}
{"sender":"918886638811","dest":"8367000030","smsinfo":"","body":"Hihi","senttime":"15\/07\/17 01:55:19 PM"}
{"sender":"918886638811","dest":"8367000030","smsinfo":"","body":"Eenadu","senttime":"15\/07\/17 01:57:07 PM"}
{"dest":"8367000030","sender":"918886638811","body":"5181","senttime":"2017-07-15"}
{"sender":"918886638811","dest":"8367000030","smsinfo":"","body":"Ushodaya","senttime":"15\/07\/17 01:59:07 PM"}
{"sender":"918886638804","dest":"8367000060","smsinfo":"","body":"OPTIN","senttime":"15\/07\/17 02:32:50 PM"}
